2018-09-22 20:04:02.454  INFO 11848 --- [main] o.i.s.b.BeerProviderApplication          : No active profile set, falling back to default profiles: default
2018-09-22 20:04:02.473  INFO 11848 --- [main] ConfigServletWebServerApplicationContext : Refreshing org.springframework.boot.web.servlet.context.AnnotationConfigServletWebServerApplicationContext@58c34bb3: startup date [Sat Sep 22 20:04:02 CEST 2018]; parent: org.springframework.context.annotation.AnnotationConfigApplicationContext@4e423aa2
2018-09-22 20:04:05.073  INFO 11848 --- [main] o.s.cloud.context.scope.GenericScope     : BeanFactory id=df43617e-69cb-361c-b772-5d96f159ad0c
2018-09-22 20:04:05.104  INFO 11848 --- [main] f.a.AutowiredAnnotationBeanPostProcessor : JSR-330 'javax.inject.Inject' annotation found and supported for autowiring
2018-09-22 20:04:05.264  INFO 11848 --- [main] trationDelegate$BeanPostProcessorChecker : Bean 'org.springframework.cloud.autoconfigure.ConfigurationPropertiesRebinderAutoConfiguration' of type [org.springframework.cloud.autoconfigure.ConfigurationPropertiesRebinderAutoConfiguration$$EnhancerBySpringCGLIB$$dccfe29c] is not eligible for getting processed by all BeanPostProcessors (for example: not eligible for auto-proxying)
2018-09-22 20:04:08.007  INFO 11848 --- [main] o.s.b.w.embedded.tomcat.TomcatWebServer  : Tomcat initialized with port(s): 9082 (http)
2018-09-22 20:04:08.047  INFO 11848 --- [main] o.apache.catalina.core.StandardService   : Starting service [Tomcat]
2018-09-22 20:04:08.048  INFO 11848 --- [main] org.apache.catalina.core.StandardEngine  : Starting Servlet Engine: Apache Tomcat/8.5.32
2018-09-22 20:04:08.246  INFO 11848 --- [localhost-startStop-1] o.a.catalina.core.AprLifecycleListener   : The APR based Apache Tomcat Native library which allows optimal performance in production environments was not found on the java.library.path: [C:\Program Files (x86)\Common Files\Oracle\Java\javapath;C:\Windows\Sun\Java\bin;C:\Windows\system32;C:\Windows;C:\Users\WZHIOBA\bin;C:\Program_dev\Git\mingw64\bin;C:\Program_dev\Git\usr\local\bin;C:\Program_dev\Git\usr\bin;C:\Program_dev\Git\usr\bin;C:\Program_dev\Git\mingw64\bin;C:\Program_dev\Git\usr\bin;C:\Users\WZHIOBA\bin;C:\Program Files (x86)\Common Files\Oracle\Java\javapath;C:\Program_dev\Java\jdk-8u152-windows-x64\bin;C:\ProgramData\Oracle\Java\javapath;C:\Windows\system32;C:\Windows;C:\Windows\System32\Wbem;C:\Windows\System32\WindowsPowerShell\v1.0;C:\Program Files (x86)\IBM\EHLLAPI;C:\Windows\wpng\bin;C:\Program Files\TortoiseSVN\bin;C:\Program_dev\apache-maven-3.5.4\bin;C:\Program_Dev\NodeJS v8.9.4;C:\Program_dev\Pandoc;C:\Windows\System32\Ora12201\bin;C:\Program_dev\Microsoft SQL Server\Client SDK\ODBC\110\Tools\Binn;C:\data\LocalData\Microsoft SQL Server\120\Tools\Binn;C:\Program_dev\Microsoft SQL Server\120\Tools\Binn;C:\Program_dev\Microsoft SQL Server\120\DTS\Binn;C:\data\LocalData\Microsoft SQL Server\120\Tools\Binn\ManagementStudio;C:\data\LocalData\Microsoft SQL Server\120\DTS\Binn;C:\Program_dev\Ruby25-x64\bin;C:\Program_dev\Java\jdk-8u152-windows-x64\bin;C:\Progra~2\Oracle\11202\bin;C:\ProgramData\Oracle\Java\javapath;C:\Windows\system32;C:\Windows;C:\Windows\System32\Wbem;C:\Windows\System32\WindowsPowerShell\v1.0;C:\Program Files (x86)\IBM\EHLLAPI;C:\Windows\wpng\bin;C:\Program Files\TortoiseSVN\bin;C:\Program_dev\Git\cmd;C:\Program_dev\Graphviz2.38\bin;C:\Program_dev\DockerToolbox;C:\Program_dev\Pandoc;C:\Program_dev\groovy-2.5.1\bin;C:\Program_dev\gradle-4.9\bin;C:\Program_dev\Graphviz2.38\bin;C:\Program_dev\Git\usr\bin\vendor_perl;C:\Program_dev\Git\usr\bin\core_perl;C;C:\Program_dev\Git\Program_Dev\DockerToolbox;.]
2018-09-22 20:04:08.672  INFO 11848 --- [localhost-startStop-1] o.a.c.c.C.[Tomcat].[localhost].[/]       : Initializing Spring embedded WebApplicationContext
2018-09-22 20:04:08.673  INFO 11848 --- [localhost-startStop-1] o.s.web.context.ContextLoader            : Root WebApplicationContext: initialization completed in 6200 ms
2018-09-22 20:04:09.270  WARN 11848 --- [localhost-startStop-1] c.n.c.sources.URLConfigurationSource     : No URLs will be polled as dynamic configuration sources.
2018-09-22 20:04:09.468  INFO 11848 --- [localhost-startStop-1] c.n.c.sources.URLConfigurationSource     : To enable URLs as dynamic configuration sources, define System property archaius.configurationSource.additionalUrls or make config.properties available on classpath.
2018-09-22 20:04:09.496  INFO 11848 --- [localhost-startStop-1] c.netflix.config.DynamicPropertyFactory  : DynamicPropertyFactory is initialized with configuration sources: com.netflix.config.ConcurrentCompositeConfiguration@715d3d0f
2018-09-22 20:04:49.439  INFO 11848 --- [localhost-startStop-1] o.s.b.w.servlet.FilterRegistrationBean   : Mapping filter: 'characterEncodingFilter' to: [/*]
2018-09-22 20:04:49.440  INFO 11848 --- [localhost-startStop-1] o.s.b.w.servlet.FilterRegistrationBean   : Mapping filter: 'webMvcMetricsFilter' to: [/*]
2018-09-22 20:04:49.443  INFO 11848 --- [localhost-startStop-1] o.s.b.w.servlet.FilterRegistrationBean   : Mapping filter: 'hiddenHttpMethodFilter' to: [/*]
2018-09-22 20:04:49.443  INFO 11848 --- [localhost-startStop-1] o.s.b.w.servlet.FilterRegistrationBean   : Mapping filter: 'httpPutFormContentFilter' to: [/*]
2018-09-22 20:04:49.444  INFO 11848 --- [localhost-startStop-1] o.s.b.w.servlet.FilterRegistrationBean   : Mapping filter: 'requestContextFilter' to: [/*]
2018-09-22 20:04:49.444  INFO 11848 --- [localhost-startStop-1] o.s.b.w.servlet.FilterRegistrationBean   : Mapping filter: 'httpTraceFilter' to: [/*]
2018-09-22 20:04:49.445  INFO 11848 --- [localhost-startStop-1] o.s.b.w.servlet.ServletRegistrationBean  : Servlet dispatcherServlet mapped to [/]
2018-09-22 20:04:49.591  WARN 11848 --- [main] c.n.c.sources.URLConfigurationSource     : No URLs will be polled as dynamic configuration sources.
2018-09-22 20:04:49.592  INFO 11848 --- [main] c.n.c.sources.URLConfigurationSource     : To enable URLs as dynamic configuration sources, define System property archaius.configurationSource.additionalUrls or make config.properties available on classpath.
2018-09-22 20:04:49.737  INFO 11848 --- [main] o.s.w.s.handler.SimpleUrlHandlerMapping  : Mapped URL path [/**/favicon.ico] onto handler of type [class org.springframework.web.servlet.resource.ResourceHttpRequestHandler]
2018-09-22 20:04:50.075  INFO 11848 --- [main] s.w.s.m.m.a.RequestMappingHandlerAdapter : Looking for @ControllerAdvice: org.springframework.boot.web.servlet.context.AnnotationConfigServletWebServerApplicationContext@58c34bb3: startup date [Sat Sep 22 20:04:02 CEST 2018]; parent: org.springframework.context.annotation.AnnotationConfigApplicationContext@4e423aa2
2018-09-22 20:04:50.265  INFO 11848 --- [main] s.w.s.m.m.a.RequestMappingHandlerMapping : Mapped "{[/orderBeer],methods=[GET]}" onto java.lang.String org.ib.spring.beerserviceprovider.BeerProviderController.orderBeer()
2018-09-22 20:04:50.267  INFO 11848 --- [main] s.w.s.m.m.a.RequestMappingHandlerMapping : Mapped "{[/beerMenu],methods=[GET]}" onto java.util.Collection<org.ib.spring.beerserviceprovider.Beer> org.ib.spring.beerserviceprovider.BeerProviderController.getBeerMenu()
2018-09-22 20:04:50.272  INFO 11848 --- [main] s.w.s.m.m.a.RequestMappingHandlerMapping : Mapped "{[/error]}" onto public org.springframework.http.ResponseEntity<java.util.Map<java.lang.String, java.lang.Object>> org.springframework.boot.autoconfigure.web.servlet.error.BasicErrorController.error(javax.servlet.http.HttpServletRequest)
2018-09-22 20:04:50.273  INFO 11848 --- [main] s.w.s.m.m.a.RequestMappingHandlerMapping : Mapped "{[/error],produces=[text/html]}" onto public org.springframework.web.servlet.ModelAndView org.springframework.boot.autoconfigure.web.servlet.error.BasicErrorController.errorHtml(javax.servlet.http.HttpServletRequest,javax.servlet.http.HttpServletResponse)
2018-09-22 20:04:50.331  INFO 11848 --- [main] o.s.w.s.handler.SimpleUrlHandlerMapping  : Mapped URL path [/webjars/**] onto handler of type [class org.springframework.web.servlet.resource.ResourceHttpRequestHandler]
2018-09-22 20:04:50.332  INFO 11848 --- [main] o.s.w.s.handler.SimpleUrlHandlerMapping  : Mapped URL path [/**] onto handler of type [class org.springframework.web.servlet.resource.ResourceHttpRequestHandler]
2018-09-22 20:04:51.170  INFO 11848 --- [main] o.s.b.a.e.web.EndpointLinksResolver      : Exposing 8 endpoint(s) beneath base path '/actuator'
2018-09-22 20:04:51.190  INFO 11848 --- [main] s.b.a.e.w.s.WebMvcEndpointHandlerMapping : Mapped "{[/actuator/auditevents],methods=[GET],produces=[application/vnd.spring-boot.actuator.v2+json || application/json]}" onto public java.lang.Object org.springframework.boot.actuate.endpoint.web.servlet.AbstractWebMvcEndpointHandlerMapping$OperationHandler.handle(javax.servlet.http.HttpServletRequest,java.util.Map<java.lang.String, java.lang.String>)
2018-09-22 20:04:51.192  INFO 11848 --- [main] s.b.a.e.w.s.WebMvcEndpointHandlerMapping : Mapped "{[/actuator/health],methods=[GET],produces=[application/vnd.spring-boot.actuator.v2+json || application/json]}" onto public java.lang.Object org.springframework.boot.actuate.endpoint.web.servlet.AbstractWebMvcEndpointHandlerMapping$OperationHandler.handle(javax.servlet.http.HttpServletRequest,java.util.Map<java.lang.String, java.lang.String>)
2018-09-22 20:04:51.192  INFO 11848 --- [main] s.b.a.e.w.s.WebMvcEndpointHandlerMapping : Mapped "{[/actuator/configprops],methods=[GET],produces=[application/vnd.spring-boot.actuator.v2+json || application/json]}" onto public java.lang.Object org.springframework.boot.actuate.endpoint.web.servlet.AbstractWebMvcEndpointHandlerMapping$OperationHandler.handle(javax.servlet.http.HttpServletRequest,java.util.Map<java.lang.String, java.lang.String>)
2018-09-22 20:04:51.193  INFO 11848 --- [main] s.b.a.e.w.s.WebMvcEndpointHandlerMapping : Mapped "{[/actuator/info],methods=[GET],produces=[application/vnd.spring-boot.actuator.v2+json || application/json]}" onto public java.lang.Object org.springframework.boot.actuate.endpoint.web.servlet.AbstractWebMvcEndpointHandlerMapping$OperationHandler.handle(javax.servlet.http.HttpServletRequest,java.util.Map<java.lang.String, java.lang.String>)
2018-09-22 20:04:51.193  INFO 11848 --- [main] s.b.a.e.w.s.WebMvcEndpointHandlerMapping : Mapped "{[/actuator/loggers],methods=[GET],produces=[application/vnd.spring-boot.actuator.v2+json || application/json]}" onto public java.lang.Object org.springframework.boot.actuate.endpoint.web.servlet.AbstractWebMvcEndpointHandlerMapping$OperationHandler.handle(javax.servlet.http.HttpServletRequest,java.util.Map<java.lang.String, java.lang.String>)
2018-09-22 20:04:51.194  INFO 11848 --- [main] s.b.a.e.w.s.WebMvcEndpointHandlerMapping : Mapped "{[/actuator/loggers/{name}],methods=[GET],produces=[application/vnd.spring-boot.actuator.v2+json || application/json]}" onto public java.lang.Object org.springframework.boot.actuate.endpoint.web.servlet.AbstractWebMvcEndpointHandlerMapping$OperationHandler.handle(javax.servlet.http.HttpServletRequest,java.util.Map<java.lang.String, java.lang.String>)
2018-09-22 20:04:51.195  INFO 11848 --- [main] s.b.a.e.w.s.WebMvcEndpointHandlerMapping : Mapped "{[/actuator/loggers/{name}],methods=[POST],consumes=[application/vnd.spring-boot.actuator.v2+json || application/json]}" onto public java.lang.Object org.springframework.boot.actuate.endpoint.web.servlet.AbstractWebMvcEndpointHandlerMapping$OperationHandler.handle(javax.servlet.http.HttpServletRequest,java.util.Map<java.lang.String, java.lang.String>)
2018-09-22 20:04:51.196  INFO 11848 --- [main] s.b.a.e.w.s.WebMvcEndpointHandlerMapping : Mapped "{[/actuator/heapdump],methods=[GET],produces=[application/octet-stream]}" onto public java.lang.Object org.springframework.boot.actuate.endpoint.web.servlet.AbstractWebMvcEndpointHandlerMapping$OperationHandler.handle(javax.servlet.http.HttpServletRequest,java.util.Map<java.lang.String, java.lang.String>)
2018-09-22 20:04:51.198  INFO 11848 --- [main] s.b.a.e.w.s.WebMvcEndpointHandlerMapping : Mapped "{[/actuator/threaddump],methods=[GET],produces=[application/vnd.spring-boot.actuator.v2+json || application/json]}" onto public java.lang.Object org.springframework.boot.actuate.endpoint.web.servlet.AbstractWebMvcEndpointHandlerMapping$OperationHandler.handle(javax.servlet.http.HttpServletRequest,java.util.Map<java.lang.String, java.lang.String>)
2018-09-22 20:04:51.199  INFO 11848 --- [main] s.b.a.e.w.s.WebMvcEndpointHandlerMapping : Mapped "{[/actuator/metrics],methods=[GET],produces=[application/vnd.spring-boot.actuator.v2+json || application/json]}" onto public java.lang.Object org.springframework.boot.actuate.endpoint.web.servlet.AbstractWebMvcEndpointHandlerMapping$OperationHandler.handle(javax.servlet.http.HttpServletRequest,java.util.Map<java.lang.String, java.lang.String>)
2018-09-22 20:04:51.199  INFO 11848 --- [main] s.b.a.e.w.s.WebMvcEndpointHandlerMapping : Mapped "{[/actuator/metrics/{requiredMetricName}],methods=[GET],produces=[application/vnd.spring-boot.actuator.v2+json || application/json]}" onto public java.lang.Object org.springframework.boot.actuate.endpoint.web.servlet.AbstractWebMvcEndpointHandlerMapping$OperationHandler.handle(javax.servlet.http.HttpServletRequest,java.util.Map<java.lang.String, java.lang.String>)
2018-09-22 20:04:51.201  INFO 11848 --- [main] s.b.a.e.w.s.WebMvcEndpointHandlerMapping : Mapped "{[/actuator],methods=[GET],produces=[application/vnd.spring-boot.actuator.v2+json || application/json]}" onto protected java.util.Map<java.lang.String, java.util.Map<java.lang.String, org.springframework.boot.actuate.endpoint.web.Link>> org.springframework.boot.actuate.endpoint.web.servlet.WebMvcEndpointHandlerMapping.links(javax.servlet.http.HttpServletRequest,javax.servlet.http.HttpServletResponse)
2018-09-22 20:04:51.319  INFO 11848 --- [main] o.s.j.e.a.AnnotationMBeanExporter        : Registering beans for JMX exposure on startup
2018-09-22 20:04:51.331  INFO 11848 --- [main] o.s.j.e.a.AnnotationMBeanExporter        : Bean with name 'environmentManager' has been autodetected for JMX exposure
2018-09-22 20:04:51.332  INFO 11848 --- [main] o.s.j.e.a.AnnotationMBeanExporter        : Bean with name 'configurationPropertiesRebinder' has been autodetected for JMX exposure
2018-09-22 20:04:51.333  INFO 11848 --- [main] o.s.j.e.a.AnnotationMBeanExporter        : Bean with name 'refreshScope' has been autodetected for JMX exposure
2018-09-22 20:04:51.339  INFO 11848 --- [main] o.s.j.e.a.AnnotationMBeanExporter        : Located managed bean 'environmentManager': registering with JMX server as MBean [org.springframework.cloud.context.environment:name=environmentManager,type=EnvironmentManager]
2018-09-22 20:04:51.349  INFO 11848 --- [main] o.s.j.e.a.AnnotationMBeanExporter        : Located managed bean 'refreshScope': registering with JMX server as MBean [org.springframework.cloud.context.scope.refresh:name=refreshScope,type=RefreshScope]
2018-09-22 20:04:51.367  INFO 11848 --- [main] o.s.j.e.a.AnnotationMBeanExporter        : Located managed bean 'configurationPropertiesRebinder': registering with JMX server as MBean [org.springframework.cloud.context.properties:name=configurationPropertiesRebinder,context=58c34bb3,type=ConfigurationPropertiesRebinder]
2018-09-22 20:04:51.383  INFO 11848 --- [main] o.s.c.support.DefaultLifecycleProcessor  : Starting beans in phase 0
2018-09-22 20:04:51.416  INFO 11848 --- [main] o.s.c.n.eureka.InstanceInfoFactory       : Setting initial instance status as: STARTING
2018-09-22 20:04:51.610  INFO 11848 --- [main] com.netflix.discovery.DiscoveryClient    : Initializing Eureka in region us-east-1
2018-09-22 20:04:51.961  INFO 11848 --- [main] c.n.d.provider.DiscoveryJerseyProvider   : Using JSON encoding codec LegacyJacksonJson
2018-09-22 20:04:51.962  INFO 11848 --- [main] c.n.d.provider.DiscoveryJerseyProvider   : Using JSON decoding codec LegacyJacksonJson
2018-09-22 20:04:52.188  INFO 11848 --- [main] c.n.d.provider.DiscoveryJerseyProvider   : Using XML encoding codec XStreamXml
2018-09-22 20:04:52.188  INFO 11848 --- [main] c.n.d.provider.DiscoveryJerseyProvider   : Using XML decoding codec XStreamXml
2018-09-22 20:04:52.623  INFO 11848 --- [main] c.n.d.s.r.aws.ConfigClusterResolver      : Resolving eureka endpoints via configuration
2018-09-22 20:04:53.006  INFO 11848 --- [main] com.netflix.discovery.DiscoveryClient    : Disable delta property : false
2018-09-22 20:04:53.007  INFO 11848 --- [main] com.netflix.discovery.DiscoveryClient    : Single vip registry refresh property : null
2018-09-22 20:04:53.008  INFO 11848 --- [main] com.netflix.discovery.DiscoveryClient    : Force full registry fetch : false
2018-09-22 20:04:53.008  INFO 11848 --- [main] com.netflix.discovery.DiscoveryClient    : Application is null : false
2018-09-22 20:04:53.008  INFO 11848 --- [main] com.netflix.discovery.DiscoveryClient    : Registered Applications size is zero : true
2018-09-22 20:04:53.010  INFO 11848 --- [main] com.netflix.discovery.DiscoveryClient    : Application version is -1: true
2018-09-22 20:04:53.010  INFO 11848 --- [main] com.netflix.discovery.DiscoveryClient    : Getting all instance registry info from the eureka server
2018-09-22 20:04:53.472  INFO 11848 --- [main] com.netflix.discovery.DiscoveryClient    : The response status is 200
2018-09-22 20:04:53.477  INFO 11848 --- [main] com.netflix.discovery.DiscoveryClient    : Starting heartbeat executor: renew interval is: 30
2018-09-22 20:04:53.481  INFO 11848 --- [main] c.n.discovery.InstanceInfoReplicator     : InstanceInfoReplicator onDemand update allowed rate per min is 4
2018-09-22 20:04:53.487  INFO 11848 --- [main] com.netflix.discovery.DiscoveryClient    : Discovery Client initialized at timestamp 1537639493485 with initial instances count: 1
2018-09-22 20:04:53.557  INFO 11848 --- [main] o.s.c.n.e.s.EurekaServiceRegistry        : Registering application beerprovider with eureka with status UP
2018-09-22 20:04:53.558  INFO 11848 --- [main] com.netflix.discovery.DiscoveryClient    : Saw local status change event StatusChangeEvent [timestamp=1537639493558, current=UP, previous=STARTING]
2018-09-22 20:04:53.604  INFO 11848 --- [DiscoveryClient-InstanceInfoReplicator-0] com.netflix.discovery.DiscoveryClient    : DiscoveryClient_BEERPROVIDER/ATC104184.rbi.group:beerprovider:9082: registering service...
2018-09-22 20:04:53.757  INFO 11848 --- [DiscoveryClient-InstanceInfoReplicator-0] com.netflix.discovery.DiscoveryClient    : DiscoveryClient_BEERPROVIDER/ATC104184.rbi.group:beerprovider:9082 - registration status: 204
2018-09-22 20:04:53.772  INFO 11848 --- [main] o.s.b.w.embedded.tomcat.TomcatWebServer  : Tomcat started on port(s): 9082 (http) with context path ''
2018-09-22 20:04:53.773  INFO 11848 --- [main] .s.c.n.e.s.EurekaAutoServiceRegistration : Updating port to 9082
2018-09-22 20:04:53.777  INFO 11848 --- [main] o.i.s.b.BeerProviderApplication          : Started BeerProviderApplication in 57.473 seconds (JVM running for 66.846)
2018-09-22 20:09:18.564  INFO 11848 --- [http-nio-9082-exec-3] o.a.c.c.C.[Tomcat].[localhost].[/]       : Initializing Spring FrameworkServlet 'dispatcherServlet'
2018-09-22 20:09:18.565  INFO 11848 --- [http-nio-9082-exec-3] o.s.web.servlet.DispatcherServlet        : FrameworkServlet 'dispatcherServlet': initialization started
2018-09-22 20:09:18.601  INFO 11848 --- [http-nio-9082-exec-3] o.s.web.servlet.DispatcherServlet        : FrameworkServlet 'dispatcherServlet': initialization completed in 36 ms
2018-09-22 20:09:53.013  INFO 11848 --- [AsyncResolver-bootstrap-executor-0] c.n.d.s.r.aws.ConfigClusterResolver      : Resolving eureka endpoints via configuration
2018-09-22 20:14:53.013  INFO 11848 --- [AsyncResolver-bootstrap-executor-0] c.n.d.s.r.aws.ConfigClusterResolver      : Resolving eureka endpoints via configuration
2018-09-22 20:16:25.966  INFO 11848 --- [Thread-8] ConfigServletWebServerApplicationContext : Closing org.springframework.boot.web.servlet.context.AnnotationConfigServletWebServerApplicationContext@58c34bb3: startup date [Sat Sep 22 20:04:02 CEST 2018]; parent: org.springframework.context.annotation.AnnotationConfigApplicationContext@4e423aa2
2018-09-22 20:16:25.968  INFO 11848 --- [Thread-8] o.s.c.n.e.s.EurekaServiceRegistry        : Unregistering application beerprovider with eureka with status DOWN
2018-09-22 20:16:25.969  WARN 11848 --- [Thread-8] com.netflix.discovery.DiscoveryClient    : Saw local status change event StatusChangeEvent [timestamp=1537640185969, current=DOWN, previous=UP]
2018-09-22 20:16:25.971  INFO 11848 --- [Thread-8] o.s.c.support.DefaultLifecycleProcessor  : Stopping beans in phase 0
2018-09-22 20:16:25.973  INFO 11848 --- [Thread-8] o.s.j.e.a.AnnotationMBeanExporter        : Unregistering JMX-exposed beans on shutdown
2018-09-22 20:16:26.005  INFO 11848 --- [DiscoveryClient-InstanceInfoReplicator-0] com.netflix.discovery.DiscoveryClient    : DiscoveryClient_BEERPROVIDER/ATC104184.rbi.group:beerprovider:9082: registering service...
2018-09-22 20:16:26.011  INFO 11848 --- [Thread-8] o.s.j.e.a.AnnotationMBeanExporter        : Unregistering JMX-exposed beans
2018-09-22 20:16:26.018  INFO 11848 --- [Thread-8] com.netflix.discovery.DiscoveryClient    : Shutting down DiscoveryClient ...
2018-09-22 20:16:26.020  WARN 11848 --- [Thread-8] .s.c.a.CommonAnnotationBeanPostProcessor : Invocation of destroy method failed on bean with name 'scopedTarget.eurekaClient': org.springframework.beans.factory.BeanCreationNotAllowedException: Error creating bean with name 'eurekaInstanceConfigBean': Singleton bean creation not allowed while singletons of this factory are in destruction (Do not request a bean from a BeanFactory in a destroy method implementation!)
2018-09-22 20:16:26.025  INFO 11848 --- [DiscoveryClient-InstanceInfoReplicator-0] com.netflix.discovery.DiscoveryClient    : DiscoveryClient_BEERPROVIDER/ATC104184.rbi.group:beerprovider:9082 - registration status: 204
