2018-09-29 21:38:48.481  INFO 16008 --- [main] o.i.s.e.ServiceDiscoveryProvider         : No active profile set, falling back to default profiles: default
2018-09-29 21:38:48.542  INFO 16008 --- [main] ConfigServletWebServerApplicationContext : Refreshing org.springframework.boot.web.servlet.context.AnnotationConfigServletWebServerApplicationContext@5b43fbf6: startup date [Sat Sep 29 21:38:48 CEST 2018]; parent: org.springframework.context.annotation.AnnotationConfigApplicationContext@6c4980d3
2018-09-29 21:38:50.494  INFO 16008 --- [main] o.s.cloud.context.scope.GenericScope     : BeanFactory id=427e9e13-6370-3260-9a75-18db1ed074a7
2018-09-29 21:38:50.543  INFO 16008 --- [main] f.a.AutowiredAnnotationBeanPostProcessor : JSR-330 'javax.inject.Inject' annotation found and supported for autowiring
2018-09-29 21:38:50.913  INFO 16008 --- [main] trationDelegate$BeanPostProcessorChecker : Bean 'org.springframework.cloud.autoconfigure.ConfigurationPropertiesRebinderAutoConfiguration' of type [org.springframework.cloud.autoconfigure.ConfigurationPropertiesRebinderAutoConfiguration$$EnhancerBySpringCGLIB$$44bb2118] is not eligible for getting processed by all BeanPostProcessors (for example: not eligible for auto-proxying)
2018-09-29 21:38:52.001  INFO 16008 --- [main] o.s.b.w.embedded.tomcat.TomcatWebServer  : Tomcat initialized with port(s): 8761 (http)
2018-09-29 21:38:52.053  INFO 16008 --- [main] o.apache.catalina.core.StandardService   : Starting service [Tomcat]
2018-09-29 21:38:52.055  INFO 16008 --- [main] org.apache.catalina.core.StandardEngine  : Starting Servlet Engine: Apache Tomcat/8.5.32
2018-09-29 21:38:52.082  INFO 16008 --- [localhost-startStop-1] o.a.catalina.core.AprLifecycleListener   : The APR based Apache Tomcat Native library which allows optimal performance in production environments was not found on the java.library.path: [C:\Program Files (x86)\Common Files\Oracle\Java\javapath;C:\Windows\Sun\Java\bin;C:\Windows\system32;C:\Windows;C:\Users\WZHIOBA\bin;C:\Program_dev\Git\mingw64\bin;C:\Program_dev\Git\usr\local\bin;C:\Program_dev\Git\usr\bin;C:\Program_dev\Git\usr\bin;C:\Program_dev\Git\mingw64\bin;C:\Program_dev\Git\usr\bin;C:\Users\WZHIOBA\bin;C:\Program Files (x86)\Common Files\Oracle\Java\javapath;C:\Program_dev\Java\jdk-8u152-windows-x64\bin;C:\ProgramData\Oracle\Java\javapath;C:\Windows\system32;C:\Windows;C:\Windows\System32\Wbem;C:\Windows\System32\WindowsPowerShell\v1.0;C:\Program Files (x86)\IBM\EHLLAPI;C:\Windows\wpng\bin;C:\Program Files\TortoiseSVN\bin;C:\Program_dev\apache-maven-3.5.4\bin;C:\Program_Dev\NodeJS v8.9.4;C:\Program_dev\Pandoc;C:\Windows\System32\Ora12201\bin;C:\Program_dev\Microsoft SQL Server\Client SDK\ODBC\110\Tools\Binn;C:\data\LocalData\Microsoft SQL Server\120\Tools\Binn;C:\Program_dev\Microsoft SQL Server\120\Tools\Binn;C:\Program_dev\Microsoft SQL Server\120\DTS\Binn;C:\data\LocalData\Microsoft SQL Server\120\Tools\Binn\ManagementStudio;C:\data\LocalData\Microsoft SQL Server\120\DTS\Binn;C:\Program_dev\Ruby25-x64\bin;C:\Program_dev\Java\jdk-8u152-windows-x64\bin;C:\Progra~2\Oracle\11202\bin;C:\ProgramData\Oracle\Java\javapath;C:\Windows\system32;C:\Windows;C:\Windows\System32\Wbem;C:\Windows\System32\WindowsPowerShell\v1.0;C:\Program Files (x86)\IBM\EHLLAPI;C:\Windows\wpng\bin;C:\Program Files\TortoiseSVN\bin;C:\Program_dev\Git\cmd;C:\Program_dev\Graphviz2.38\bin;C:\Program_dev\DockerToolbox;C:\Program_dev\Pandoc;C:\Program_dev\groovy-2.5.1\bin;C:\Program_dev\gradle-4.9\bin;C:\Program_dev\Graphviz2.38\bin;C:\Program_dev\Git\usr\bin\vendor_perl;C:\Program_dev\Git\usr\bin\core_perl;C;C:\Program_dev\Git\Program_Dev\DockerToolbox;.]
2018-09-29 21:38:52.281  INFO 16008 --- [localhost-startStop-1] o.a.c.c.C.[Tomcat].[localhost].[/]       : Initializing Spring embedded WebApplicationContext
2018-09-29 21:38:52.281  INFO 16008 --- [localhost-startStop-1] o.s.web.context.ContextLoader            : Root WebApplicationContext: initialization completed in 3739 ms
2018-09-29 21:38:52.718  WARN 16008 --- [localhost-startStop-1] c.n.c.sources.URLConfigurationSource     : No URLs will be polled as dynamic configuration sources.
2018-09-29 21:38:52.719  INFO 16008 --- [localhost-startStop-1] c.n.c.sources.URLConfigurationSource     : To enable URLs as dynamic configuration sources, define System property archaius.configurationSource.additionalUrls or make config.properties available on classpath.
2018-09-29 21:38:52.752  INFO 16008 --- [localhost-startStop-1] c.netflix.config.DynamicPropertyFactory  : DynamicPropertyFactory is initialized with configuration sources: com.netflix.config.ConcurrentCompositeConfiguration@503e2ef1
2018-09-29 21:38:55.500  INFO 16008 --- [localhost-startStop-1] o.s.b.w.servlet.FilterRegistrationBean   : Mapping filter: 'characterEncodingFilter' to: [/*]
2018-09-29 21:38:55.501  INFO 16008 --- [localhost-startStop-1] o.s.b.w.servlet.FilterRegistrationBean   : Mapping filter: 'webMvcMetricsFilter' to: [/*]
2018-09-29 21:38:55.503  INFO 16008 --- [localhost-startStop-1] o.s.b.w.servlet.FilterRegistrationBean   : Mapping filter: 'hiddenHttpMethodFilter' to: [/*]
2018-09-29 21:38:55.503  INFO 16008 --- [localhost-startStop-1] o.s.b.w.servlet.FilterRegistrationBean   : Mapping filter: 'httpPutFormContentFilter' to: [/*]
2018-09-29 21:38:55.504  INFO 16008 --- [localhost-startStop-1] o.s.b.w.servlet.FilterRegistrationBean   : Mapping filter: 'requestContextFilter' to: [/*]
2018-09-29 21:38:55.505  INFO 16008 --- [localhost-startStop-1] o.s.b.w.servlet.FilterRegistrationBean   : Mapping filter: 'httpTraceFilter' to: [/*]
2018-09-29 21:38:55.505  INFO 16008 --- [localhost-startStop-1] o.s.b.w.servlet.FilterRegistrationBean   : Mapping filter: 'servletContainer' to urls: [/eureka/*]
2018-09-29 21:38:55.506  INFO 16008 --- [localhost-startStop-1] o.s.b.w.servlet.ServletRegistrationBean  : Servlet dispatcherServlet mapped to [/]
2018-09-29 21:38:55.770  INFO 16008 --- [localhost-startStop-1] c.s.j.s.i.a.WebApplicationImpl           : Initiating Jersey application, version 'Jersey: 1.19.1 03/11/2016 02:08 PM'
2018-09-29 21:38:55.948  INFO 16008 --- [localhost-startStop-1] c.n.d.provider.DiscoveryJerseyProvider   : Using JSON encoding codec LegacyJacksonJson
2018-09-29 21:38:55.953  INFO 16008 --- [localhost-startStop-1] c.n.d.provider.DiscoveryJerseyProvider   : Using JSON decoding codec LegacyJacksonJson
2018-09-29 21:38:56.275  INFO 16008 --- [localhost-startStop-1] c.n.d.provider.DiscoveryJerseyProvider   : Using XML encoding codec XStreamXml
2018-09-29 21:38:56.276  INFO 16008 --- [localhost-startStop-1] c.n.d.provider.DiscoveryJerseyProvider   : Using XML decoding codec XStreamXml
2018-09-29 21:38:57.027  WARN 16008 --- [main] o.s.c.n.a.ArchaiusAutoConfiguration      : No spring.application.name found, defaulting to 'application'
2018-09-29 21:38:57.029  WARN 16008 --- [main] c.n.c.sources.URLConfigurationSource     : No URLs will be polled as dynamic configuration sources.
2018-09-29 21:38:57.029  INFO 16008 --- [main] c.n.c.sources.URLConfigurationSource     : To enable URLs as dynamic configuration sources, define System property archaius.configurationSource.additionalUrls or make config.properties available on classpath.
2018-09-29 21:38:57.249  INFO 16008 --- [main] o.s.w.s.handler.SimpleUrlHandlerMapping  : Mapped URL path [/**/favicon.ico] onto handler of type [class org.springframework.web.servlet.resource.ResourceHttpRequestHandler]
2018-09-29 21:38:57.751  INFO 16008 --- [main] s.w.s.m.m.a.RequestMappingHandlerAdapter : Looking for @ControllerAdvice: org.springframework.boot.web.servlet.context.AnnotationConfigServletWebServerApplicationContext@5b43fbf6: startup date [Sat Sep 29 21:38:48 CEST 2018]; parent: org.springframework.context.annotation.AnnotationConfigApplicationContext@6c4980d3
2018-09-29 21:38:57.885  INFO 16008 --- [main] s.w.s.m.m.a.RequestMappingHandlerMapping : Mapped "{[/error]}" onto public org.springframework.http.ResponseEntity<java.util.Map<java.lang.String, java.lang.Object>> org.springframework.boot.autoconfigure.web.servlet.error.BasicErrorController.error(javax.servlet.http.HttpServletRequest)
2018-09-29 21:38:57.887  INFO 16008 --- [main] s.w.s.m.m.a.RequestMappingHandlerMapping : Mapped "{[/error],produces=[text/html]}" onto public org.springframework.web.servlet.ModelAndView org.springframework.boot.autoconfigure.web.servlet.error.BasicErrorController.errorHtml(javax.servlet.http.HttpServletRequest,javax.servlet.http.HttpServletResponse)
2018-09-29 21:38:57.897  INFO 16008 --- [main] s.w.s.m.m.a.RequestMappingHandlerMapping : Mapped "{[/],methods=[GET]}" onto public java.lang.String org.springframework.cloud.netflix.eureka.server.EurekaController.status(javax.servlet.http.HttpServletRequest,java.util.Map<java.lang.String, java.lang.Object>)
2018-09-29 21:38:57.898  INFO 16008 --- [main] s.w.s.m.m.a.RequestMappingHandlerMapping : Mapped "{[/lastn],methods=[GET]}" onto public java.lang.String org.springframework.cloud.netflix.eureka.server.EurekaController.lastn(javax.servlet.http.HttpServletRequest,java.util.Map<java.lang.String, java.lang.Object>)
2018-09-29 21:38:58.020  INFO 16008 --- [main] o.s.w.s.handler.SimpleUrlHandlerMapping  : Mapped URL path [/webjars/**] onto handler of type [class org.springframework.web.servlet.resource.ResourceHttpRequestHandler]
2018-09-29 21:38:58.020  INFO 16008 --- [main] o.s.w.s.handler.SimpleUrlHandlerMapping  : Mapped URL path [/**] onto handler of type [class org.springframework.web.servlet.resource.ResourceHttpRequestHandler]
2018-09-29 21:38:58.845  INFO 16008 --- [main] o.s.ui.freemarker.SpringTemplateLoader   : SpringTemplateLoader for FreeMarker: using resource loader [org.springframework.boot.web.servlet.context.AnnotationConfigServletWebServerApplicationContext@5b43fbf6: startup date [Sat Sep 29 21:38:48 CEST 2018]; parent: org.springframework.context.annotation.AnnotationConfigApplicationContext@6c4980d3] and template loader path [classpath:/templates/]
2018-09-29 21:38:58.848  INFO 16008 --- [main] o.s.w.s.v.f.FreeMarkerConfigurer         : ClassTemplateLoader for Spring macros added to FreeMarker configuration
2018-09-29 21:38:59.218  INFO 16008 --- [main] o.s.c.n.eureka.InstanceInfoFactory       : Setting initial instance status as: STARTING
2018-09-29 21:38:59.305  INFO 16008 --- [main] com.netflix.discovery.DiscoveryClient    : Initializing Eureka in region us-east-1
2018-09-29 21:38:59.306  INFO 16008 --- [main] com.netflix.discovery.DiscoveryClient    : Client configured to neither register nor query for data.
2018-09-29 21:38:59.329  INFO 16008 --- [main] com.netflix.discovery.DiscoveryClient    : Discovery Client initialized at timestamp 1538249939327 with initial instances count: 0
2018-09-29 21:38:59.472  INFO 16008 --- [main] c.n.eureka.DefaultEurekaServerContext    : Initializing ...
2018-09-29 21:38:59.477  WARN 16008 --- [main] c.n.eureka.cluster.PeerEurekaNodes       : The replica size seems to be empty. Check the route 53 DNS Registry
2018-09-29 21:38:59.521  INFO 16008 --- [main] c.n.e.registry.AbstractInstanceRegistry  : Finished initializing remote region registries. All known remote regions: []
2018-09-29 21:38:59.524  INFO 16008 --- [main] c.n.eureka.DefaultEurekaServerContext    : Initialized
2018-09-29 21:38:59.582  INFO 16008 --- [main] o.s.b.a.e.web.EndpointLinksResolver      : Exposing 8 endpoint(s) beneath base path '/actuator'
2018-09-29 21:38:59.607  INFO 16008 --- [main] s.b.a.e.w.s.WebMvcEndpointHandlerMapping : Mapped "{[/actuator/auditevents],methods=[GET],produces=[application/vnd.spring-boot.actuator.v2+json || application/json]}" onto public java.lang.Object org.springframework.boot.actuate.endpoint.web.servlet.AbstractWebMvcEndpointHandlerMapping$OperationHandler.handle(javax.servlet.http.HttpServletRequest,java.util.Map<java.lang.String, java.lang.String>)
2018-09-29 21:38:59.608  INFO 16008 --- [main] s.b.a.e.w.s.WebMvcEndpointHandlerMapping : Mapped "{[/actuator/health],methods=[GET],produces=[application/vnd.spring-boot.actuator.v2+json || application/json]}" onto public java.lang.Object org.springframework.boot.actuate.endpoint.web.servlet.AbstractWebMvcEndpointHandlerMapping$OperationHandler.handle(javax.servlet.http.HttpServletRequest,java.util.Map<java.lang.String, java.lang.String>)
2018-09-29 21:38:59.609  INFO 16008 --- [main] s.b.a.e.w.s.WebMvcEndpointHandlerMapping : Mapped "{[/actuator/configprops],methods=[GET],produces=[application/vnd.spring-boot.actuator.v2+json || application/json]}" onto public java.lang.Object org.springframework.boot.actuate.endpoint.web.servlet.AbstractWebMvcEndpointHandlerMapping$OperationHandler.handle(javax.servlet.http.HttpServletRequest,java.util.Map<java.lang.String, java.lang.String>)
2018-09-29 21:38:59.615  INFO 16008 --- [main] s.b.a.e.w.s.WebMvcEndpointHandlerMapping : Mapped "{[/actuator/info],methods=[GET],produces=[application/vnd.spring-boot.actuator.v2+json || application/json]}" onto public java.lang.Object org.springframework.boot.actuate.endpoint.web.servlet.AbstractWebMvcEndpointHandlerMapping$OperationHandler.handle(javax.servlet.http.HttpServletRequest,java.util.Map<java.lang.String, java.lang.String>)
2018-09-29 21:38:59.617  INFO 16008 --- [main] s.b.a.e.w.s.WebMvcEndpointHandlerMapping : Mapped "{[/actuator/loggers],methods=[GET],produces=[application/vnd.spring-boot.actuator.v2+json || application/json]}" onto public java.lang.Object org.springframework.boot.actuate.endpoint.web.servlet.AbstractWebMvcEndpointHandlerMapping$OperationHandler.handle(javax.servlet.http.HttpServletRequest,java.util.Map<java.lang.String, java.lang.String>)
2018-09-29 21:38:59.618  INFO 16008 --- [main] s.b.a.e.w.s.WebMvcEndpointHandlerMapping : Mapped "{[/actuator/loggers/{name}],methods=[GET],produces=[application/vnd.spring-boot.actuator.v2+json || application/json]}" onto public java.lang.Object org.springframework.boot.actuate.endpoint.web.servlet.AbstractWebMvcEndpointHandlerMapping$OperationHandler.handle(javax.servlet.http.HttpServletRequest,java.util.Map<java.lang.String, java.lang.String>)
2018-09-29 21:38:59.621  INFO 16008 --- [main] s.b.a.e.w.s.WebMvcEndpointHandlerMapping : Mapped "{[/actuator/loggers/{name}],methods=[POST],consumes=[application/vnd.spring-boot.actuator.v2+json || application/json]}" onto public java.lang.Object org.springframework.boot.actuate.endpoint.web.servlet.AbstractWebMvcEndpointHandlerMapping$OperationHandler.handle(javax.servlet.http.HttpServletRequest,java.util.Map<java.lang.String, java.lang.String>)
2018-09-29 21:38:59.623  INFO 16008 --- [main] s.b.a.e.w.s.WebMvcEndpointHandlerMapping : Mapped "{[/actuator/heapdump],methods=[GET],produces=[application/octet-stream]}" onto public java.lang.Object org.springframework.boot.actuate.endpoint.web.servlet.AbstractWebMvcEndpointHandlerMapping$OperationHandler.handle(javax.servlet.http.HttpServletRequest,java.util.Map<java.lang.String, java.lang.String>)
2018-09-29 21:38:59.624  INFO 16008 --- [main] s.b.a.e.w.s.WebMvcEndpointHandlerMapping : Mapped "{[/actuator/threaddump],methods=[GET],produces=[application/vnd.spring-boot.actuator.v2+json || application/json]}" onto public java.lang.Object org.springframework.boot.actuate.endpoint.web.servlet.AbstractWebMvcEndpointHandlerMapping$OperationHandler.handle(javax.servlet.http.HttpServletRequest,java.util.Map<java.lang.String, java.lang.String>)
2018-09-29 21:38:59.624  INFO 16008 --- [main] s.b.a.e.w.s.WebMvcEndpointHandlerMapping : Mapped "{[/actuator/metrics],methods=[GET],produces=[application/vnd.spring-boot.actuator.v2+json || application/json]}" onto public java.lang.Object org.springframework.boot.actuate.endpoint.web.servlet.AbstractWebMvcEndpointHandlerMapping$OperationHandler.handle(javax.servlet.http.HttpServletRequest,java.util.Map<java.lang.String, java.lang.String>)
2018-09-29 21:38:59.625  INFO 16008 --- [main] s.b.a.e.w.s.WebMvcEndpointHandlerMapping : Mapped "{[/actuator/metrics/{requiredMetricName}],methods=[GET],produces=[application/vnd.spring-boot.actuator.v2+json || application/json]}" onto public java.lang.Object org.springframework.boot.actuate.endpoint.web.servlet.AbstractWebMvcEndpointHandlerMapping$OperationHandler.handle(javax.servlet.http.HttpServletRequest,java.util.Map<java.lang.String, java.lang.String>)
2018-09-29 21:38:59.627  INFO 16008 --- [main] s.b.a.e.w.s.WebMvcEndpointHandlerMapping : Mapped "{[/actuator],methods=[GET],produces=[application/vnd.spring-boot.actuator.v2+json || application/json]}" onto protected java.util.Map<java.lang.String, java.util.Map<java.lang.String, org.springframework.boot.actuate.endpoint.web.Link>> org.springframework.boot.actuate.endpoint.web.servlet.WebMvcEndpointHandlerMapping.links(javax.servlet.http.HttpServletRequest,javax.servlet.http.HttpServletResponse)
2018-09-29 21:38:59.745  INFO 16008 --- [main] o.s.j.e.a.AnnotationMBeanExporter        : Registering beans for JMX exposure on startup
2018-09-29 21:38:59.760  INFO 16008 --- [main] o.s.j.e.a.AnnotationMBeanExporter        : Bean with name 'environmentManager' has been autodetected for JMX exposure
2018-09-29 21:38:59.768  INFO 16008 --- [main] o.s.j.e.a.AnnotationMBeanExporter        : Bean with name 'refreshScope' has been autodetected for JMX exposure
2018-09-29 21:38:59.771  INFO 16008 --- [main] o.s.j.e.a.AnnotationMBeanExporter        : Bean with name 'configurationPropertiesRebinder' has been autodetected for JMX exposure
2018-09-29 21:38:59.779  INFO 16008 --- [main] o.s.j.e.a.AnnotationMBeanExporter        : Located managed bean 'environmentManager': registering with JMX server as MBean [org.springframework.cloud.context.environment:name=environmentManager,type=EnvironmentManager]
2018-09-29 21:38:59.795  INFO 16008 --- [main] o.s.j.e.a.AnnotationMBeanExporter        : Located managed bean 'refreshScope': registering with JMX server as MBean [org.springframework.cloud.context.scope.refresh:name=refreshScope,type=RefreshScope]
2018-09-29 21:38:59.815  INFO 16008 --- [main] o.s.j.e.a.AnnotationMBeanExporter        : Located managed bean 'configurationPropertiesRebinder': registering with JMX server as MBean [org.springframework.cloud.context.properties:name=configurationPropertiesRebinder,context=5b43fbf6,type=ConfigurationPropertiesRebinder]
2018-09-29 21:38:59.834  INFO 16008 --- [main] o.s.c.support.DefaultLifecycleProcessor  : Starting beans in phase 0
2018-09-29 21:38:59.868  INFO 16008 --- [main] o.s.c.n.e.s.EurekaServiceRegistry        : Registering application unknown with eureka with status UP
2018-09-29 21:38:59.882  INFO 16008 --- [Thread-13] o.s.c.n.e.server.EurekaServerBootstrap   : Setting the eureka configuration..
2018-09-29 21:38:59.883  INFO 16008 --- [Thread-13] o.s.c.n.e.server.EurekaServerBootstrap   : Eureka data center value eureka.datacenter is not set, defaulting to default
2018-09-29 21:38:59.885  INFO 16008 --- [Thread-13] o.s.c.n.e.server.EurekaServerBootstrap   : Eureka environment value eureka.environment is not set, defaulting to test
2018-09-29 21:38:59.925  INFO 16008 --- [Thread-13] o.s.c.n.e.server.EurekaServerBootstrap   : isAws returned false
2018-09-29 21:38:59.926  INFO 16008 --- [Thread-13] o.s.c.n.e.server.EurekaServerBootstrap   : Initialized server context
2018-09-29 21:38:59.927  INFO 16008 --- [Thread-13] c.n.e.r.PeerAwareInstanceRegistryImpl    : Got 1 instances from neighboring DS node
2018-09-29 21:38:59.927  INFO 16008 --- [Thread-13] c.n.e.r.PeerAwareInstanceRegistryImpl    : Renew threshold is: 1
2018-09-29 21:38:59.927  INFO 16008 --- [Thread-13] c.n.e.r.PeerAwareInstanceRegistryImpl    : Changing status to UP
2018-09-29 21:38:59.967  INFO 16008 --- [Thread-13] e.s.EurekaServerInitializerConfiguration : Started Eureka Server
2018-09-29 21:39:00.124  INFO 16008 --- [main] o.s.b.w.embedded.tomcat.TomcatWebServer  : Tomcat started on port(s): 8761 (http) with context path ''
2018-09-29 21:39:00.130  INFO 16008 --- [main] .s.c.n.e.s.EurekaAutoServiceRegistration : Updating port to 8761
2018-09-29 21:39:00.135  INFO 16008 --- [main] o.i.s.e.ServiceDiscoveryProvider         : Started ServiceDiscoveryProvider in 15.174 seconds (JVM running for 20.38)
2018-09-29 21:39:26.907  INFO 16008 --- [http-nio-8761-exec-1] o.a.c.c.C.[Tomcat].[localhost].[/]       : Initializing Spring FrameworkServlet 'dispatcherServlet'
2018-09-29 21:39:26.908  INFO 16008 --- [http-nio-8761-exec-1] o.s.web.servlet.DispatcherServlet        : FrameworkServlet 'dispatcherServlet': initialization started
2018-09-29 21:39:26.956  INFO 16008 --- [http-nio-8761-exec-1] o.s.web.servlet.DispatcherServlet        : FrameworkServlet 'dispatcherServlet': initialization completed in 48 ms
2018-09-29 21:39:59.929  INFO 16008 --- [Eureka-EvictionTimer] c.n.e.registry.AbstractInstanceRegistry  : Running the evict task with compensationTime 0ms
2018-09-29 21:40:04.397  INFO 16008 --- [http-nio-8761-exec-5] c.n.e.registry.AbstractInstanceRegistry  : Registered instance PIZZAPROVIDER/ATC104184.rbi.group:pizzaprovider:9081 with status UP (replication=false)
2018-09-29 21:40:12.491  INFO 16008 --- [http-nio-8761-exec-7] c.n.e.registry.AbstractInstanceRegistry  : Registered instance FEIGNSHOP/ATC104184.rbi.group:feignshop:9091 with status UP (replication=false)
2018-09-29 21:40:59.929  INFO 16008 --- [Eureka-EvictionTimer] c.n.e.registry.AbstractInstanceRegistry  : Running the evict task with compensationTime 0ms
2018-09-29 21:41:59.929  INFO 16008 --- [Eureka-EvictionTimer] c.n.e.registry.AbstractInstanceRegistry  : Running the evict task with compensationTime 0ms
2018-09-29 21:42:59.944  INFO 16008 --- [Eureka-EvictionTimer] c.n.e.registry.AbstractInstanceRegistry  : Running the evict task with compensationTime 11ms
2018-09-29 21:43:53.105  INFO 16008 --- [http-nio-8761-exec-6] c.n.e.registry.AbstractInstanceRegistry  : Registered instance FEIGNSHOP/ATC104184.rbi.group:feignshop:9091 with status DOWN (replication=false)
2018-09-29 21:43:56.247  INFO 16008 --- [http-nio-8761-exec-7] c.n.e.registry.AbstractInstanceRegistry  : Registered instance PIZZAPROVIDER/ATC104184.rbi.group:pizzaprovider:9081 with status DOWN (replication=false)
2018-09-29 21:43:59.944  INFO 16008 --- [Eureka-EvictionTimer] c.n.e.registry.AbstractInstanceRegistry  : Running the evict task with compensationTime 0ms
2018-09-29 21:44:01.817  INFO 16008 --- [Thread-15] ConfigServletWebServerApplicationContext : Closing org.springframework.boot.web.servlet.context.AnnotationConfigServletWebServerApplicationContext@5b43fbf6: startup date [Sat Sep 29 21:38:48 CEST 2018]; parent: org.springframework.context.annotation.AnnotationConfigApplicationContext@6c4980d3
2018-09-29 21:44:01.823  INFO 16008 --- [Thread-15] o.s.c.n.e.s.EurekaServiceRegistry        : Unregistering application unknown with eureka with status DOWN
2018-09-29 21:44:01.826  INFO 16008 --- [Thread-15] o.s.c.support.DefaultLifecycleProcessor  : Stopping beans in phase 0
2018-09-29 21:44:01.829  INFO 16008 --- [Thread-15] c.n.eureka.DefaultEurekaServerContext    : Shutting down ...
2018-09-29 21:44:01.887  INFO 16008 --- [Thread-15] c.n.eureka.DefaultEurekaServerContext    : Shut down
2018-09-29 21:44:01.891  INFO 16008 --- [Thread-15] o.s.j.e.a.AnnotationMBeanExporter        : Unregistering JMX-exposed beans on shutdown
2018-09-29 21:44:01.929  INFO 16008 --- [Thread-15] o.s.j.e.a.AnnotationMBeanExporter        : Unregistering JMX-exposed beans
2018-09-29 21:44:01.935  INFO 16008 --- [Thread-15] com.netflix.discovery.DiscoveryClient    : Shutting down DiscoveryClient ...
2018-09-29 21:44:01.936  INFO 16008 --- [Thread-15] com.netflix.discovery.DiscoveryClient    : Completed shut down of DiscoveryClient
