2018-09-29 21:39:43.130  INFO 12104 --- [main] o.i.s.p.PizzaProviderApplication         : No active profile set, falling back to default profiles: default
2018-09-29 21:39:43.159  INFO 12104 --- [main] ConfigServletWebServerApplicationContext : Refreshing org.springframework.boot.web.servlet.context.AnnotationConfigServletWebServerApplicationContext@e077866: startup date [Sat Sep 29 21:39:43 CEST 2018]; parent: org.springframework.context.annotation.AnnotationConfigApplicationContext@432038ec
2018-09-29 21:39:45.354  INFO 12104 --- [main] o.s.cloud.context.scope.GenericScope     : BeanFactory id=76e049ed-9d10-331b-b0d7-f9752f7ea5da
2018-09-29 21:39:45.397  INFO 12104 --- [main] f.a.AutowiredAnnotationBeanPostProcessor : JSR-330 'javax.inject.Inject' annotation found and supported for autowiring
2018-09-29 21:39:45.731  INFO 12104 --- [main] trationDelegate$BeanPostProcessorChecker : Bean 'org.springframework.cloud.autoconfigure.ConfigurationPropertiesRebinderAutoConfiguration' of type [org.springframework.cloud.autoconfigure.ConfigurationPropertiesRebinderAutoConfiguration$$EnhancerBySpringCGLIB$$896cea43] is not eligible for getting processed by all BeanPostProcessors (for example: not eligible for auto-proxying)
2018-09-29 21:39:47.061  INFO 12104 --- [main] o.s.b.w.embedded.tomcat.TomcatWebServer  : Tomcat initialized with port(s): 9081 (http)
2018-09-29 21:39:47.117  INFO 12104 --- [main] o.apache.catalina.core.StandardService   : Starting service [Tomcat]
2018-09-29 21:39:47.117  INFO 12104 --- [main] org.apache.catalina.core.StandardEngine  : Starting Servlet Engine: Apache Tomcat/8.5.32
2018-09-29 21:39:47.142  INFO 12104 --- [localhost-startStop-1] o.a.catalina.core.AprLifecycleListener   : The APR based Apache Tomcat Native library which allows optimal performance in production environments was not found on the java.library.path: [C:\Program Files (x86)\Common Files\Oracle\Java\javapath;C:\Windows\Sun\Java\bin;C:\Windows\system32;C:\Windows;C:\Users\WZHIOBA\bin;C:\Program_dev\Git\mingw64\bin;C:\Program_dev\Git\usr\local\bin;C:\Program_dev\Git\usr\bin;C:\Program_dev\Git\usr\bin;C:\Program_dev\Git\mingw64\bin;C:\Program_dev\Git\usr\bin;C:\Users\WZHIOBA\bin;C:\Program Files (x86)\Common Files\Oracle\Java\javapath;C:\Program_dev\Java\jdk-8u152-windows-x64\bin;C:\ProgramData\Oracle\Java\javapath;C:\Windows\system32;C:\Windows;C:\Windows\System32\Wbem;C:\Windows\System32\WindowsPowerShell\v1.0;C:\Program Files (x86)\IBM\EHLLAPI;C:\Windows\wpng\bin;C:\Program Files\TortoiseSVN\bin;C:\Program_dev\apache-maven-3.5.4\bin;C:\Program_Dev\NodeJS v8.9.4;C:\Program_dev\Pandoc;C:\Windows\System32\Ora12201\bin;C:\Program_dev\Microsoft SQL Server\Client SDK\ODBC\110\Tools\Binn;C:\data\LocalData\Microsoft SQL Server\120\Tools\Binn;C:\Program_dev\Microsoft SQL Server\120\Tools\Binn;C:\Program_dev\Microsoft SQL Server\120\DTS\Binn;C:\data\LocalData\Microsoft SQL Server\120\Tools\Binn\ManagementStudio;C:\data\LocalData\Microsoft SQL Server\120\DTS\Binn;C:\Program_dev\Ruby25-x64\bin;C:\Program_dev\Java\jdk-8u152-windows-x64\bin;C:\Progra~2\Oracle\11202\bin;C:\ProgramData\Oracle\Java\javapath;C:\Windows\system32;C:\Windows;C:\Windows\System32\Wbem;C:\Windows\System32\WindowsPowerShell\v1.0;C:\Program Files (x86)\IBM\EHLLAPI;C:\Windows\wpng\bin;C:\Program Files\TortoiseSVN\bin;C:\Program_dev\Git\cmd;C:\Program_dev\Graphviz2.38\bin;C:\Program_dev\DockerToolbox;C:\Program_dev\Pandoc;C:\Program_dev\groovy-2.5.1\bin;C:\Program_dev\gradle-4.9\bin;C:\Program_dev\Graphviz2.38\bin;C:\Program_dev\Git\usr\bin\vendor_perl;C:\Program_dev\Git\usr\bin\core_perl;C;C:\Program_dev\Git\Program_Dev\DockerToolbox;.]
2018-09-29 21:39:47.328  INFO 12104 --- [localhost-startStop-1] o.a.c.c.C.[Tomcat].[localhost].[/]       : Initializing Spring embedded WebApplicationContext
2018-09-29 21:39:47.328  INFO 12104 --- [localhost-startStop-1] o.s.web.context.ContextLoader            : Root WebApplicationContext: initialization completed in 4169 ms
2018-09-29 21:39:49.351  WARN 12104 --- [localhost-startStop-1] c.n.c.sources.URLConfigurationSource     : No URLs will be polled as dynamic configuration sources.
2018-09-29 21:39:49.352  INFO 12104 --- [localhost-startStop-1] c.n.c.sources.URLConfigurationSource     : To enable URLs as dynamic configuration sources, define System property archaius.configurationSource.additionalUrls or make config.properties available on classpath.
2018-09-29 21:39:49.402  INFO 12104 --- [localhost-startStop-1] c.netflix.config.DynamicPropertyFactory  : DynamicPropertyFactory is initialized with configuration sources: com.netflix.config.ConcurrentCompositeConfiguration@42d9a28
2018-09-29 21:39:55.428  INFO 12104 --- [localhost-startStop-1] o.s.b.w.servlet.FilterRegistrationBean   : Mapping filter: 'characterEncodingFilter' to: [/*]
2018-09-29 21:39:55.429  INFO 12104 --- [localhost-startStop-1] o.s.b.w.servlet.FilterRegistrationBean   : Mapping filter: 'webMvcMetricsFilter' to: [/*]
2018-09-29 21:39:55.430  INFO 12104 --- [localhost-startStop-1] o.s.b.w.servlet.FilterRegistrationBean   : Mapping filter: 'hiddenHttpMethodFilter' to: [/*]
2018-09-29 21:39:55.431  INFO 12104 --- [localhost-startStop-1] o.s.b.w.servlet.FilterRegistrationBean   : Mapping filter: 'httpPutFormContentFilter' to: [/*]
2018-09-29 21:39:55.432  INFO 12104 --- [localhost-startStop-1] o.s.b.w.servlet.FilterRegistrationBean   : Mapping filter: 'requestContextFilter' to: [/*]
2018-09-29 21:39:55.433  INFO 12104 --- [localhost-startStop-1] o.s.b.w.servlet.FilterRegistrationBean   : Mapping filter: 'httpTraceFilter' to: [/*]
2018-09-29 21:39:55.434  INFO 12104 --- [localhost-startStop-1] o.s.b.w.servlet.ServletRegistrationBean  : Servlet dispatcherServlet mapped to [/]
2018-09-29 21:39:55.588  WARN 12104 --- [main] c.n.c.sources.URLConfigurationSource     : No URLs will be polled as dynamic configuration sources.
2018-09-29 21:39:55.589  INFO 12104 --- [main] c.n.c.sources.URLConfigurationSource     : To enable URLs as dynamic configuration sources, define System property archaius.configurationSource.additionalUrls or make config.properties available on classpath.
2018-09-29 21:39:55.802  INFO 12104 --- [main] o.s.w.s.handler.SimpleUrlHandlerMapping  : Mapped URL path [/**/favicon.ico] onto handler of type [class org.springframework.web.servlet.resource.ResourceHttpRequestHandler]
2018-09-29 21:39:56.383  INFO 12104 --- [main] s.w.s.m.m.a.RequestMappingHandlerAdapter : Looking for @ControllerAdvice: org.springframework.boot.web.servlet.context.AnnotationConfigServletWebServerApplicationContext@e077866: startup date [Sat Sep 29 21:39:43 CEST 2018]; parent: org.springframework.context.annotation.AnnotationConfigApplicationContext@432038ec
2018-09-29 21:39:56.578  INFO 12104 --- [main] s.w.s.m.m.a.RequestMappingHandlerMapping : Mapped "{[/providePizza],methods=[GET]}" onto java.lang.String org.ib.spring.pizzaserviceprovider.PizzaProviderController.orderPizza()
2018-09-29 21:39:56.580  INFO 12104 --- [main] s.w.s.m.m.a.RequestMappingHandlerMapping : Mapped "{[/pizzaMenu],methods=[GET]}" onto java.util.Collection<org.ib.spring.pizzaserviceprovider.Pizza> org.ib.spring.pizzaserviceprovider.PizzaProviderController.getPizzaMenu()
2018-09-29 21:39:56.585  INFO 12104 --- [main] s.w.s.m.m.a.RequestMappingHandlerMapping : Mapped "{[/error]}" onto public org.springframework.http.ResponseEntity<java.util.Map<java.lang.String, java.lang.Object>> org.springframework.boot.autoconfigure.web.servlet.error.BasicErrorController.error(javax.servlet.http.HttpServletRequest)
2018-09-29 21:39:56.586  INFO 12104 --- [main] s.w.s.m.m.a.RequestMappingHandlerMapping : Mapped "{[/error],produces=[text/html]}" onto public org.springframework.web.servlet.ModelAndView org.springframework.boot.autoconfigure.web.servlet.error.BasicErrorController.errorHtml(javax.servlet.http.HttpServletRequest,javax.servlet.http.HttpServletResponse)
2018-09-29 21:39:56.706  INFO 12104 --- [main] o.s.w.s.handler.SimpleUrlHandlerMapping  : Mapped URL path [/webjars/**] onto handler of type [class org.springframework.web.servlet.resource.ResourceHttpRequestHandler]
2018-09-29 21:39:56.707  INFO 12104 --- [main] o.s.w.s.handler.SimpleUrlHandlerMapping  : Mapped URL path [/**] onto handler of type [class org.springframework.web.servlet.resource.ResourceHttpRequestHandler]
2018-09-29 21:39:58.595  INFO 12104 --- [main] o.s.b.a.e.web.EndpointLinksResolver      : Exposing 8 endpoint(s) beneath base path '/actuator'
2018-09-29 21:39:58.717  INFO 12104 --- [main] s.b.a.e.w.s.WebMvcEndpointHandlerMapping : Mapped "{[/actuator/auditevents],methods=[GET],produces=[application/vnd.spring-boot.actuator.v2+json || application/json]}" onto public java.lang.Object org.springframework.boot.actuate.endpoint.web.servlet.AbstractWebMvcEndpointHandlerMapping$OperationHandler.handle(javax.servlet.http.HttpServletRequest,java.util.Map<java.lang.String, java.lang.String>)
2018-09-29 21:39:58.719  INFO 12104 --- [main] s.b.a.e.w.s.WebMvcEndpointHandlerMapping : Mapped "{[/actuator/health],methods=[GET],produces=[application/vnd.spring-boot.actuator.v2+json || application/json]}" onto public java.lang.Object org.springframework.boot.actuate.endpoint.web.servlet.AbstractWebMvcEndpointHandlerMapping$OperationHandler.handle(javax.servlet.http.HttpServletRequest,java.util.Map<java.lang.String, java.lang.String>)
2018-09-29 21:39:58.720  INFO 12104 --- [main] s.b.a.e.w.s.WebMvcEndpointHandlerMapping : Mapped "{[/actuator/configprops],methods=[GET],produces=[application/vnd.spring-boot.actuator.v2+json || application/json]}" onto public java.lang.Object org.springframework.boot.actuate.endpoint.web.servlet.AbstractWebMvcEndpointHandlerMapping$OperationHandler.handle(javax.servlet.http.HttpServletRequest,java.util.Map<java.lang.String, java.lang.String>)
2018-09-29 21:39:58.721  INFO 12104 --- [main] s.b.a.e.w.s.WebMvcEndpointHandlerMapping : Mapped "{[/actuator/info],methods=[GET],produces=[application/vnd.spring-boot.actuator.v2+json || application/json]}" onto public java.lang.Object org.springframework.boot.actuate.endpoint.web.servlet.AbstractWebMvcEndpointHandlerMapping$OperationHandler.handle(javax.servlet.http.HttpServletRequest,java.util.Map<java.lang.String, java.lang.String>)
2018-09-29 21:39:58.722  INFO 12104 --- [main] s.b.a.e.w.s.WebMvcEndpointHandlerMapping : Mapped "{[/actuator/loggers/{name}],methods=[GET],produces=[application/vnd.spring-boot.actuator.v2+json || application/json]}" onto public java.lang.Object org.springframework.boot.actuate.endpoint.web.servlet.AbstractWebMvcEndpointHandlerMapping$OperationHandler.handle(javax.servlet.http.HttpServletRequest,java.util.Map<java.lang.String, java.lang.String>)
2018-09-29 21:39:58.723  INFO 12104 --- [main] s.b.a.e.w.s.WebMvcEndpointHandlerMapping : Mapped "{[/actuator/loggers/{name}],methods=[POST],consumes=[application/vnd.spring-boot.actuator.v2+json || application/json]}" onto public java.lang.Object org.springframework.boot.actuate.endpoint.web.servlet.AbstractWebMvcEndpointHandlerMapping$OperationHandler.handle(javax.servlet.http.HttpServletRequest,java.util.Map<java.lang.String, java.lang.String>)
2018-09-29 21:39:58.724  INFO 12104 --- [main] s.b.a.e.w.s.WebMvcEndpointHandlerMapping : Mapped "{[/actuator/loggers],methods=[GET],produces=[application/vnd.spring-boot.actuator.v2+json || application/json]}" onto public java.lang.Object org.springframework.boot.actuate.endpoint.web.servlet.AbstractWebMvcEndpointHandlerMapping$OperationHandler.handle(javax.servlet.http.HttpServletRequest,java.util.Map<java.lang.String, java.lang.String>)
2018-09-29 21:39:58.725  INFO 12104 --- [main] s.b.a.e.w.s.WebMvcEndpointHandlerMapping : Mapped "{[/actuator/heapdump],methods=[GET],produces=[application/octet-stream]}" onto public java.lang.Object org.springframework.boot.actuate.endpoint.web.servlet.AbstractWebMvcEndpointHandlerMapping$OperationHandler.handle(javax.servlet.http.HttpServletRequest,java.util.Map<java.lang.String, java.lang.String>)
2018-09-29 21:39:58.727  INFO 12104 --- [main] s.b.a.e.w.s.WebMvcEndpointHandlerMapping : Mapped "{[/actuator/threaddump],methods=[GET],produces=[application/vnd.spring-boot.actuator.v2+json || application/json]}" onto public java.lang.Object org.springframework.boot.actuate.endpoint.web.servlet.AbstractWebMvcEndpointHandlerMapping$OperationHandler.handle(javax.servlet.http.HttpServletRequest,java.util.Map<java.lang.String, java.lang.String>)
2018-09-29 21:39:58.727  INFO 12104 --- [main] s.b.a.e.w.s.WebMvcEndpointHandlerMapping : Mapped "{[/actuator/metrics],methods=[GET],produces=[application/vnd.spring-boot.actuator.v2+json || application/json]}" onto public java.lang.Object org.springframework.boot.actuate.endpoint.web.servlet.AbstractWebMvcEndpointHandlerMapping$OperationHandler.handle(javax.servlet.http.HttpServletRequest,java.util.Map<java.lang.String, java.lang.String>)
2018-09-29 21:39:58.728  INFO 12104 --- [main] s.b.a.e.w.s.WebMvcEndpointHandlerMapping : Mapped "{[/actuator/metrics/{requiredMetricName}],methods=[GET],produces=[application/vnd.spring-boot.actuator.v2+json || application/json]}" onto public java.lang.Object org.springframework.boot.actuate.endpoint.web.servlet.AbstractWebMvcEndpointHandlerMapping$OperationHandler.handle(javax.servlet.http.HttpServletRequest,java.util.Map<java.lang.String, java.lang.String>)
2018-09-29 21:39:58.729  INFO 12104 --- [main] s.b.a.e.w.s.WebMvcEndpointHandlerMapping : Mapped "{[/actuator],methods=[GET],produces=[application/vnd.spring-boot.actuator.v2+json || application/json]}" onto protected java.util.Map<java.lang.String, java.util.Map<java.lang.String, org.springframework.boot.actuate.endpoint.web.Link>> org.springframework.boot.actuate.endpoint.web.servlet.WebMvcEndpointHandlerMapping.links(javax.servlet.http.HttpServletRequest,javax.servlet.http.HttpServletResponse)
2018-09-29 21:39:58.902  INFO 12104 --- [main] o.s.j.e.a.AnnotationMBeanExporter        : Registering beans for JMX exposure on startup
2018-09-29 21:39:58.919  INFO 12104 --- [main] o.s.j.e.a.AnnotationMBeanExporter        : Bean with name 'environmentManager' has been autodetected for JMX exposure
2018-09-29 21:39:58.921  INFO 12104 --- [main] o.s.j.e.a.AnnotationMBeanExporter        : Bean with name 'configurationPropertiesRebinder' has been autodetected for JMX exposure
2018-09-29 21:39:58.922  INFO 12104 --- [main] o.s.j.e.a.AnnotationMBeanExporter        : Bean with name 'refreshScope' has been autodetected for JMX exposure
2018-09-29 21:39:58.928  INFO 12104 --- [main] o.s.j.e.a.AnnotationMBeanExporter        : Located managed bean 'environmentManager': registering with JMX server as MBean [org.springframework.cloud.context.environment:name=environmentManager,type=EnvironmentManager]
2018-09-29 21:39:58.943  INFO 12104 --- [main] o.s.j.e.a.AnnotationMBeanExporter        : Located managed bean 'refreshScope': registering with JMX server as MBean [org.springframework.cloud.context.scope.refresh:name=refreshScope,type=RefreshScope]
2018-09-29 21:39:59.620  INFO 12104 --- [main] o.s.j.e.a.AnnotationMBeanExporter        : Located managed bean 'configurationPropertiesRebinder': registering with JMX server as MBean [org.springframework.cloud.context.properties:name=configurationPropertiesRebinder,context=e077866,type=ConfigurationPropertiesRebinder]
2018-09-29 21:39:59.646  INFO 12104 --- [main] o.s.c.support.DefaultLifecycleProcessor  : Starting beans in phase 0
2018-09-29 21:39:59.752  INFO 12104 --- [main] o.s.c.n.eureka.InstanceInfoFactory       : Setting initial instance status as: STARTING
2018-09-29 21:40:00.808  INFO 12104 --- [main] com.netflix.discovery.DiscoveryClient    : Initializing Eureka in region us-east-1
2018-09-29 21:40:01.625  INFO 12104 --- [main] c.n.d.provider.DiscoveryJerseyProvider   : Using JSON encoding codec LegacyJacksonJson
2018-09-29 21:40:01.626  INFO 12104 --- [main] c.n.d.provider.DiscoveryJerseyProvider   : Using JSON decoding codec LegacyJacksonJson
2018-09-29 21:40:01.918  INFO 12104 --- [main] c.n.d.provider.DiscoveryJerseyProvider   : Using XML encoding codec XStreamXml
2018-09-29 21:40:01.918  INFO 12104 --- [main] c.n.d.provider.DiscoveryJerseyProvider   : Using XML decoding codec XStreamXml
2018-09-29 21:40:02.494  INFO 12104 --- [main] c.n.d.s.r.aws.ConfigClusterResolver      : Resolving eureka endpoints via configuration
2018-09-29 21:40:02.910  INFO 12104 --- [main] com.netflix.discovery.DiscoveryClient    : Disable delta property : false
2018-09-29 21:40:02.911  INFO 12104 --- [main] com.netflix.discovery.DiscoveryClient    : Single vip registry refresh property : null
2018-09-29 21:40:02.911  INFO 12104 --- [main] com.netflix.discovery.DiscoveryClient    : Force full registry fetch : false
2018-09-29 21:40:02.913  INFO 12104 --- [main] com.netflix.discovery.DiscoveryClient    : Application is null : false
2018-09-29 21:40:02.913  INFO 12104 --- [main] com.netflix.discovery.DiscoveryClient    : Registered Applications size is zero : true
2018-09-29 21:40:02.914  INFO 12104 --- [main] com.netflix.discovery.DiscoveryClient    : Application version is -1: true
2018-09-29 21:40:02.914  INFO 12104 --- [main] com.netflix.discovery.DiscoveryClient    : Getting all instance registry info from the eureka server
2018-09-29 21:40:03.320  INFO 12104 --- [main] com.netflix.discovery.DiscoveryClient    : The response status is 200
2018-09-29 21:40:03.323  INFO 12104 --- [main] com.netflix.discovery.DiscoveryClient    : Starting heartbeat executor: renew interval is: 30
2018-09-29 21:40:03.328  INFO 12104 --- [main] c.n.discovery.InstanceInfoReplicator     : InstanceInfoReplicator onDemand update allowed rate per min is 4
2018-09-29 21:40:03.335  INFO 12104 --- [main] com.netflix.discovery.DiscoveryClient    : Discovery Client initialized at timestamp 1538250003333 with initial instances count: 0
2018-09-29 21:40:03.342  INFO 12104 --- [main] o.s.c.n.e.s.EurekaServiceRegistry        : Registering application pizzaprovider with eureka with status UP
2018-09-29 21:40:03.343  INFO 12104 --- [main] com.netflix.discovery.DiscoveryClient    : Saw local status change event StatusChangeEvent [timestamp=1538250003343, current=UP, previous=STARTING]
2018-09-29 21:40:03.783  INFO 12104 --- [main] o.s.b.w.embedded.tomcat.TomcatWebServer  : Tomcat started on port(s): 9081 (http) with context path ''
2018-09-29 21:40:03.785  INFO 12104 --- [main] .s.c.n.e.s.EurekaAutoServiceRegistration : Updating port to 9081
2018-09-29 21:40:03.789  INFO 12104 --- [main] o.i.s.p.PizzaProviderApplication         : Started PizzaProviderApplication in 24.584 seconds (JVM running for 29.391)
2018-09-29 21:40:03.802  INFO 12104 --- [DiscoveryClient-InstanceInfoReplicator-0] com.netflix.discovery.DiscoveryClient    : DiscoveryClient_PIZZAPROVIDER/ATC104184.rbi.group:pizzaprovider:9081: registering service...
2018-09-29 21:40:04.401  INFO 12104 --- [DiscoveryClient-InstanceInfoReplicator-0] com.netflix.discovery.DiscoveryClient    : DiscoveryClient_PIZZAPROVIDER/ATC104184.rbi.group:pizzaprovider:9081 - registration status: 204
2018-09-29 21:40:33.329  INFO 12104 --- [DiscoveryClient-CacheRefreshExecutor-0] com.netflix.discovery.DiscoveryClient    : Disable delta property : false
2018-09-29 21:40:33.330  INFO 12104 --- [DiscoveryClient-CacheRefreshExecutor-0] com.netflix.discovery.DiscoveryClient    : Single vip registry refresh property : null
2018-09-29 21:40:33.330  INFO 12104 --- [DiscoveryClient-CacheRefreshExecutor-0] com.netflix.discovery.DiscoveryClient    : Force full registry fetch : false
2018-09-29 21:40:33.332  INFO 12104 --- [DiscoveryClient-CacheRefreshExecutor-0] com.netflix.discovery.DiscoveryClient    : Application is null : false
2018-09-29 21:40:33.332  INFO 12104 --- [DiscoveryClient-CacheRefreshExecutor-0] com.netflix.discovery.DiscoveryClient    : Registered Applications size is zero : true
2018-09-29 21:40:33.333  INFO 12104 --- [DiscoveryClient-CacheRefreshExecutor-0] com.netflix.discovery.DiscoveryClient    : Application version is -1: false
2018-09-29 21:40:33.333  INFO 12104 --- [DiscoveryClient-CacheRefreshExecutor-0] com.netflix.discovery.DiscoveryClient    : Getting all instance registry info from the eureka server
2018-09-29 21:40:33.509  INFO 12104 --- [DiscoveryClient-CacheRefreshExecutor-0] com.netflix.discovery.DiscoveryClient    : The response status is 200
2018-09-29 21:41:56.102  INFO 12104 --- [http-nio-9081-exec-1] o.a.c.c.C.[Tomcat].[localhost].[/]       : Initializing Spring FrameworkServlet 'dispatcherServlet'
2018-09-29 21:41:56.103  INFO 12104 --- [http-nio-9081-exec-1] o.s.web.servlet.DispatcherServlet        : FrameworkServlet 'dispatcherServlet': initialization started
2018-09-29 21:41:56.316  INFO 12104 --- [http-nio-9081-exec-1] o.s.web.servlet.DispatcherServlet        : FrameworkServlet 'dispatcherServlet': initialization completed in 213 ms
2018-09-29 21:43:56.178  INFO 12104 --- [Thread-8] ConfigServletWebServerApplicationContext : Closing org.springframework.boot.web.servlet.context.AnnotationConfigServletWebServerApplicationContext@e077866: startup date [Sat Sep 29 21:39:43 CEST 2018]; parent: org.springframework.context.annotation.AnnotationConfigApplicationContext@432038ec
2018-09-29 21:43:56.180  INFO 12104 --- [Thread-8] o.s.c.n.e.s.EurekaServiceRegistry        : Unregistering application pizzaprovider with eureka with status DOWN
2018-09-29 21:43:56.181  WARN 12104 --- [Thread-8] com.netflix.discovery.DiscoveryClient    : Saw local status change event StatusChangeEvent [timestamp=1538250236181, current=DOWN, previous=UP]
2018-09-29 21:43:56.181  INFO 12104 --- [DiscoveryClient-InstanceInfoReplicator-0] com.netflix.discovery.DiscoveryClient    : DiscoveryClient_PIZZAPROVIDER/ATC104184.rbi.group:pizzaprovider:9081: registering service...
2018-09-29 21:43:56.199  INFO 12104 --- [Thread-8] o.s.c.support.DefaultLifecycleProcessor  : Stopping beans in phase 0
2018-09-29 21:43:56.201  INFO 12104 --- [Thread-8] o.s.j.e.a.AnnotationMBeanExporter        : Unregistering JMX-exposed beans on shutdown
2018-09-29 21:43:56.251  INFO 12104 --- [DiscoveryClient-InstanceInfoReplicator-0] com.netflix.discovery.DiscoveryClient    : DiscoveryClient_PIZZAPROVIDER/ATC104184.rbi.group:pizzaprovider:9081 - registration status: 204
2018-09-29 21:43:56.270  INFO 12104 --- [Thread-8] o.s.j.e.a.AnnotationMBeanExporter        : Unregistering JMX-exposed beans
2018-09-29 21:43:56.280  INFO 12104 --- [Thread-8] com.netflix.discovery.DiscoveryClient    : Shutting down DiscoveryClient ...
2018-09-29 21:43:56.287  WARN 12104 --- [Thread-8] .s.c.a.CommonAnnotationBeanPostProcessor : Invocation of destroy method failed on bean with name 'scopedTarget.eurekaClient': org.springframework.beans.factory.BeanCreationNotAllowedException: Error creating bean with name 'eurekaInstanceConfigBean': Singleton bean creation not allowed while singletons of this factory are in destruction (Do not request a bean from a BeanFactory in a destroy method implementation!)
