2018-09-22 22:25:09.318  INFO 16296 --- [main] o.i.s.v.VanillaSpringBootApplication     : Starting VanillaSpringBootApplication on ATC104184 with PID 16296 (C:\data\MyProjects\food-and-drinks-online-shop\vanilla-spring-boot\out\production\classes started by WZHIOBA in C:\data\MyProjects\food-and-drinks-online-shop)
2018-09-22 22:25:09.322  INFO 16296 --- [main] o.i.s.v.VanillaSpringBootApplication     : No active profile set, falling back to default profiles: default
2018-09-22 22:25:09.368  INFO 16296 --- [main] ConfigServletWebServerApplicationContext : Refreshing org.springframework.boot.web.servlet.context.AnnotationConfigServletWebServerApplicationContext@56f0cc85: startup date [Sat Sep 22 22:25:09 CEST 2018]; root of context hierarchy
2018-09-22 22:25:10.497  INFO 16296 --- [main] o.s.b.w.embedded.tomcat.TomcatWebServer  : Tomcat initialized with port(s): 8080 (http)
2018-09-22 22:25:10.527  INFO 16296 --- [main] o.apache.catalina.core.StandardService   : Starting service [Tomcat]
2018-09-22 22:25:10.528  INFO 16296 --- [main] org.apache.catalina.core.StandardEngine  : Starting Servlet Engine: Apache Tomcat/8.5.32
2018-09-22 22:25:10.533  INFO 16296 --- [localhost-startStop-1] o.a.catalina.core.AprLifecycleListener   : The APR based Apache Tomcat Native library which allows optimal performance in production environments was not found on the java.library.path: [C:\Program_dev\Java\jdk-10.0.2\bin;C:\Windows\Sun\Java\bin;C:\Windows\system32;C:\Windows;C:\Program_dev\Java\jdk-8u152-windows-x64\bin;C:\ProgramData\Oracle\Java\javapath;C:\Windows\system32;C:\Windows;C:\Windows\System32\Wbem;C:\Windows\System32\WindowsPowerShell\v1.0\;C:\Program Files (x86)\IBM\EHLLAPI;C:\Windows\wpng\bin;C:\Program Files\TortoiseSVN\bin;C:\Program_dev\apache-maven-3.5.4\bin;C:\Program_Dev\NodeJS v8.9.4\;C:\Program_dev\Pandoc\;C:\Windows\System32\Ora12201\bin;C:\Program_dev\Microsoft SQL Server\Client SDK\ODBC\110\Tools\Binn\;C:\data\LocalData\Microsoft SQL Server\120\Tools\Binn\;C:\Program_dev\Microsoft SQL Server\120\Tools\Binn\;C:\Program_dev\Microsoft SQL Server\120\DTS\Binn\;C:\data\LocalData\Microsoft SQL Server\120\Tools\Binn\ManagementStudio\;C:\data\LocalData\Microsoft SQL Server\120\DTS\Binn\;C:\Program_dev\Ruby25-x64\bin;C:\Program_dev\Java\jdk-8u152-windows-x64\bin;C:\Progra~2\Oracle\11202\bin;C:\ProgramData\Oracle\Java\javapath;C:\Windows\system32;C:\Windows;C:\Windows\System32\Wbem;C:\Windows\System32\WindowsPowerShell\v1.0\;C:\Program Files (x86)\IBM\EHLLAPI;C:\Windows\wpng\bin;C:\Program Files\TortoiseSVN\bin;C:\Program_dev\Git\cmd;C:\Program_dev\Graphviz2.38\bin;C:\Program_dev\DockerToolbox;C:\Program_dev\Pandoc;C:\Program_dev\groovy-2.5.1\bin;C:\Program_dev\gradle-4.9\bin;C:\Program_dev\Graphviz2.38\bin;;.]
2018-09-22 22:25:10.683  INFO 16296 --- [localhost-startStop-1] o.a.c.c.C.[Tomcat].[localhost].[/]       : Initializing Spring embedded WebApplicationContext
2018-09-22 22:25:10.685  INFO 16296 --- [localhost-startStop-1] o.s.web.context.ContextLoader            : Root WebApplicationContext: initialization completed in 1317 ms
2018-09-22 22:25:10.772  INFO 16296 --- [localhost-startStop-1] o.s.b.w.servlet.ServletRegistrationBean  : Servlet dispatcherServlet mapped to [/]
2018-09-22 22:25:10.778  INFO 16296 --- [localhost-startStop-1] o.s.b.w.servlet.FilterRegistrationBean   : Mapping filter: 'characterEncodingFilter' to: [/*]
2018-09-22 22:25:10.778  INFO 16296 --- [localhost-startStop-1] o.s.b.w.servlet.FilterRegistrationBean   : Mapping filter: 'hiddenHttpMethodFilter' to: [/*]
2018-09-22 22:25:10.779  INFO 16296 --- [localhost-startStop-1] o.s.b.w.servlet.FilterRegistrationBean   : Mapping filter: 'httpPutFormContentFilter' to: [/*]
2018-09-22 22:25:10.779  INFO 16296 --- [localhost-startStop-1] o.s.b.w.servlet.FilterRegistrationBean   : Mapping filter: 'requestContextFilter' to: [/*]
2018-09-22 22:25:10.937  INFO 16296 --- [main] o.s.w.s.handler.SimpleUrlHandlerMapping  : Mapped URL path [/**/favicon.ico] onto handler of type [class org.springframework.web.servlet.resource.ResourceHttpRequestHandler]
2018-09-22 22:25:11.137  INFO 16296 --- [main] s.w.s.m.m.a.RequestMappingHandlerAdapter : Looking for @ControllerAdvice: org.springframework.boot.web.servlet.context.AnnotationConfigServletWebServerApplicationContext@56f0cc85: startup date [Sat Sep 22 22:25:09 CEST 2018]; root of context hierarchy
2018-09-22 22:25:11.191  INFO 16296 --- [main] s.w.s.m.m.a.RequestMappingHandlerMapping : Mapped "{[/error]}" onto public org.springframework.http.ResponseEntity<java.util.Map<java.lang.String, java.lang.Object>> org.springframework.boot.autoconfigure.web.servlet.error.BasicErrorController.error(javax.servlet.http.HttpServletRequest)
2018-09-22 22:25:11.192  INFO 16296 --- [main] s.w.s.m.m.a.RequestMappingHandlerMapping : Mapped "{[/error],produces=[text/html]}" onto public org.springframework.web.servlet.ModelAndView org.springframework.boot.autoconfigure.web.servlet.error.BasicErrorController.errorHtml(javax.servlet.http.HttpServletRequest,javax.servlet.http.HttpServletResponse)
2018-09-22 22:25:11.213  INFO 16296 --- [main] o.s.w.s.handler.SimpleUrlHandlerMapping  : Mapped URL path [/webjars/**] onto handler of type [class org.springframework.web.servlet.resource.ResourceHttpRequestHandler]
2018-09-22 22:25:11.213  INFO 16296 --- [main] o.s.w.s.handler.SimpleUrlHandlerMapping  : Mapped URL path [/**] onto handler of type [class org.springframework.web.servlet.resource.ResourceHttpRequestHandler]
2018-09-22 22:25:11.392  INFO 16296 --- [main] o.s.j.e.a.AnnotationMBeanExporter        : Registering beans for JMX exposure on startup
2018-09-22 22:25:11.468  INFO 16296 --- [main] o.s.b.w.embedded.tomcat.TomcatWebServer  : Tomcat started on port(s): 8080 (http) with context path ''
2018-09-22 22:25:11.473  INFO 16296 --- [main] o.i.s.v.VanillaSpringBootApplication     : Started VanillaSpringBootApplication in 2.666 seconds (JVM running for 6.014)
2018-09-22 22:29:51.094  INFO 15812 --- [main] o.i.s.v.VanillaSpringBootApplication     : Starting VanillaSpringBootApplication on ATC104184 with PID 15812 (C:\data\MyProjects\food-and-drinks-online-shop\vanilla-spring-boot\build\libs\vanilla-spring-boot-0.0.1-SNAPSHOT.jar started by WZHIOBA in C:\data\MyProjects\food-and-drinks-online-shop)
2018-09-22 22:29:51.101  INFO 15812 --- [main] o.i.s.v.VanillaSpringBootApplication     : No active profile set, falling back to default profiles: default
2018-09-22 22:29:51.157  INFO 15812 --- [main] ConfigServletWebServerApplicationContext : Refreshing org.springframework.boot.web.servlet.context.AnnotationConfigServletWebServerApplicationContext@2c78d320: startup date [Sat Sep 22 22:29:51 CEST 2018]; root of context hierarchy
2018-09-22 22:29:53.117  INFO 15812 --- [main] o.s.b.w.embedded.tomcat.TomcatWebServer  : Tomcat initialized with port(s): 8080 (http)
2018-09-22 22:29:53.159  INFO 15812 --- [main] o.apache.catalina.core.StandardService   : Starting service [Tomcat]
2018-09-22 22:29:53.159  INFO 15812 --- [main] org.apache.catalina.core.StandardEngine  : Starting Servlet Engine: Apache Tomcat/8.5.32
2018-09-22 22:29:53.175  INFO 15812 --- [localhost-startStop-1] o.a.catalina.core.AprLifecycleListener   : The APR based Apache Tomcat Native library which allows optimal performance in production environments was not found on the java.library.path: [C:\Program Files (x86)\Common Files\Oracle\Java\javapath;C:\Windows\Sun\Java\bin;C:\Windows\system32;C:\Windows;C:\Users\WZHIOBA\bin;C:\Program_dev\Git\mingw64\bin;C:\Program_dev\Git\usr\local\bin;C:\Program_dev\Git\usr\bin;C:\Program_dev\Git\usr\bin;C:\Program_dev\Git\mingw64\bin;C:\Program_dev\Git\usr\bin;C:\Users\WZHIOBA\bin;C:\Program Files (x86)\Common Files\Oracle\Java\javapath;C:\Program_dev\Java\jdk-8u152-windows-x64\bin;C:\ProgramData\Oracle\Java\javapath;C:\Windows\system32;C:\Windows;C:\Windows\System32\Wbem;C:\Windows\System32\WindowsPowerShell\v1.0;C:\Program Files (x86)\IBM\EHLLAPI;C:\Windows\wpng\bin;C:\Program Files\TortoiseSVN\bin;C:\Program_dev\apache-maven-3.5.4\bin;C:\Program_Dev\NodeJS v8.9.4;C:\Program_dev\Pandoc;C:\Windows\System32\Ora12201\bin;C:\Program_dev\Microsoft SQL Server\Client SDK\ODBC\110\Tools\Binn;C:\data\LocalData\Microsoft SQL Server\120\Tools\Binn;C:\Program_dev\Microsoft SQL Server\120\Tools\Binn;C:\Program_dev\Microsoft SQL Server\120\DTS\Binn;C:\data\LocalData\Microsoft SQL Server\120\Tools\Binn\ManagementStudio;C:\data\LocalData\Microsoft SQL Server\120\DTS\Binn;C:\Program_dev\Ruby25-x64\bin;C:\Program_dev\Java\jdk-8u152-windows-x64\bin;C:\Progra~2\Oracle\11202\bin;C:\ProgramData\Oracle\Java\javapath;C:\Windows\system32;C:\Windows;C:\Windows\System32\Wbem;C:\Windows\System32\WindowsPowerShell\v1.0;C:\Program Files (x86)\IBM\EHLLAPI;C:\Windows\wpng\bin;C:\Program Files\TortoiseSVN\bin;C:\Program_dev\Git\cmd;C:\Program_dev\Graphviz2.38\bin;C:\Program_dev\DockerToolbox;C:\Program_dev\Pandoc;C:\Program_dev\groovy-2.5.1\bin;C:\Program_dev\gradle-4.9\bin;C:\Program_dev\Graphviz2.38\bin;C:\Program_dev\Git\usr\bin\vendor_perl;C:\Program_dev\Git\usr\bin\core_perl;C;C:\Program_dev\Git\Program_Dev\DockerToolbox;.]
2018-09-22 22:29:53.311  INFO 15812 --- [localhost-startStop-1] o.a.c.c.C.[Tomcat].[localhost].[/]       : Initializing Spring embedded WebApplicationContext
2018-09-22 22:29:53.313  INFO 15812 --- [localhost-startStop-1] o.s.web.context.ContextLoader            : Root WebApplicationContext: initialization completed in 2156 ms
2018-09-22 22:29:53.411  INFO 15812 --- [localhost-startStop-1] o.s.b.w.servlet.ServletRegistrationBean  : Servlet dispatcherServlet mapped to [/]
2018-09-22 22:29:53.416  INFO 15812 --- [localhost-startStop-1] o.s.b.w.servlet.FilterRegistrationBean   : Mapping filter: 'characterEncodingFilter' to: [/*]
2018-09-22 22:29:53.417  INFO 15812 --- [localhost-startStop-1] o.s.b.w.servlet.FilterRegistrationBean   : Mapping filter: 'hiddenHttpMethodFilter' to: [/*]
2018-09-22 22:29:53.418  INFO 15812 --- [localhost-startStop-1] o.s.b.w.servlet.FilterRegistrationBean   : Mapping filter: 'httpPutFormContentFilter' to: [/*]
2018-09-22 22:29:53.418  INFO 15812 --- [localhost-startStop-1] o.s.b.w.servlet.FilterRegistrationBean   : Mapping filter: 'requestContextFilter' to: [/*]
2018-09-22 22:29:53.559  INFO 15812 --- [main] o.s.w.s.handler.SimpleUrlHandlerMapping  : Mapped URL path [/**/favicon.ico] onto handler of type [class org.springframework.web.servlet.resource.ResourceHttpRequestHandler]
2018-09-22 22:29:53.780  INFO 15812 --- [main] s.w.s.m.m.a.RequestMappingHandlerAdapter : Looking for @ControllerAdvice: org.springframework.boot.web.servlet.context.AnnotationConfigServletWebServerApplicationContext@2c78d320: startup date [Sat Sep 22 22:29:51 CEST 2018]; root of context hierarchy
2018-09-22 22:29:53.876  INFO 15812 --- [main] s.w.s.m.m.a.RequestMappingHandlerMapping : Mapped "{[/error]}" onto public org.springframework.http.ResponseEntity<java.util.Map<java.lang.String, java.lang.Object>> org.springframework.boot.autoconfigure.web.servlet.error.BasicErrorController.error(javax.servlet.http.HttpServletRequest)
2018-09-22 22:29:53.878  INFO 15812 --- [main] s.w.s.m.m.a.RequestMappingHandlerMapping : Mapped "{[/error],produces=[text/html]}" onto public org.springframework.web.servlet.ModelAndView org.springframework.boot.autoconfigure.web.servlet.error.BasicErrorController.errorHtml(javax.servlet.http.HttpServletRequest,javax.servlet.http.HttpServletResponse)
2018-09-22 22:29:53.906  INFO 15812 --- [main] o.s.w.s.handler.SimpleUrlHandlerMapping  : Mapped URL path [/webjars/**] onto handler of type [class org.springframework.web.servlet.resource.ResourceHttpRequestHandler]
2018-09-22 22:29:53.906  INFO 15812 --- [main] o.s.w.s.handler.SimpleUrlHandlerMapping  : Mapped URL path [/**] onto handler of type [class org.springframework.web.servlet.resource.ResourceHttpRequestHandler]
2018-09-22 22:29:54.133  INFO 15812 --- [main] o.s.j.e.a.AnnotationMBeanExporter        : Registering beans for JMX exposure on startup
2018-09-22 22:29:54.216  INFO 15812 --- [main] o.s.b.w.embedded.tomcat.TomcatWebServer  : Tomcat started on port(s): 8080 (http) with context path ''
2018-09-22 22:29:54.221  INFO 15812 --- [main] o.i.s.v.VanillaSpringBootApplication     : Started VanillaSpringBootApplication in 4.304 seconds (JVM running for 7.879)
2018-09-22 22:30:07.261  INFO 15812 --- [Thread-3] ConfigServletWebServerApplicationContext : Closing org.springframework.boot.web.servlet.context.AnnotationConfigServletWebServerApplicationContext@2c78d320: startup date [Sat Sep 22 22:29:51 CEST 2018]; root of context hierarchy
2018-09-22 22:30:07.302  INFO 15812 --- [Thread-3] o.s.j.e.a.AnnotationMBeanExporter        : Unregistering JMX-exposed beans on shutdown
2018-09-22 22:32:24.735  INFO 14984 --- [main] o.i.s.v.VanillaSpringBootApplication     : Starting VanillaSpringBootApplication on ATC104184 with PID 14984 (C:\data\MyProjects\food-and-drinks-online-shop\vanilla-spring-boot\out\production\classes started by WZHIOBA in C:\data\MyProjects\food-and-drinks-online-shop)
2018-09-22 22:32:24.739  INFO 14984 --- [main] o.i.s.v.VanillaSpringBootApplication     : No active profile set, falling back to default profiles: default
2018-09-22 22:32:24.793  INFO 14984 --- [main] ConfigServletWebServerApplicationContext : Refreshing org.springframework.boot.web.servlet.context.AnnotationConfigServletWebServerApplicationContext@2cc44ad: startup date [Sat Sep 22 22:32:24 CEST 2018]; root of context hierarchy
2018-09-22 22:32:26.008  INFO 14984 --- [main] o.s.b.w.embedded.tomcat.TomcatWebServer  : Tomcat initialized with port(s): 8080 (http)
2018-09-22 22:32:26.033  INFO 14984 --- [main] o.apache.catalina.core.StandardService   : Starting service [Tomcat]
2018-09-22 22:32:26.033  INFO 14984 --- [main] org.apache.catalina.core.StandardEngine  : Starting Servlet Engine: Apache Tomcat/8.5.32
2018-09-22 22:32:26.039  INFO 14984 --- [localhost-startStop-1] o.a.catalina.core.AprLifecycleListener   : The APR based Apache Tomcat Native library which allows optimal performance in production environments was not found on the java.library.path: [C:\Program_dev\Java\jdk-10.0.2\bin;C:\Windows\Sun\Java\bin;C:\Windows\system32;C:\Windows;C:\Program_dev\Java\jdk-8u152-windows-x64\bin;C:\ProgramData\Oracle\Java\javapath;C:\Windows\system32;C:\Windows;C:\Windows\System32\Wbem;C:\Windows\System32\WindowsPowerShell\v1.0\;C:\Program Files (x86)\IBM\EHLLAPI;C:\Windows\wpng\bin;C:\Program Files\TortoiseSVN\bin;C:\Program_dev\apache-maven-3.5.4\bin;C:\Program_Dev\NodeJS v8.9.4\;C:\Program_dev\Pandoc\;C:\Windows\System32\Ora12201\bin;C:\Program_dev\Microsoft SQL Server\Client SDK\ODBC\110\Tools\Binn\;C:\data\LocalData\Microsoft SQL Server\120\Tools\Binn\;C:\Program_dev\Microsoft SQL Server\120\Tools\Binn\;C:\Program_dev\Microsoft SQL Server\120\DTS\Binn\;C:\data\LocalData\Microsoft SQL Server\120\Tools\Binn\ManagementStudio\;C:\data\LocalData\Microsoft SQL Server\120\DTS\Binn\;C:\Program_dev\Ruby25-x64\bin;C:\Program_dev\Java\jdk-8u152-windows-x64\bin;C:\Progra~2\Oracle\11202\bin;C:\ProgramData\Oracle\Java\javapath;C:\Windows\system32;C:\Windows;C:\Windows\System32\Wbem;C:\Windows\System32\WindowsPowerShell\v1.0\;C:\Program Files (x86)\IBM\EHLLAPI;C:\Windows\wpng\bin;C:\Program Files\TortoiseSVN\bin;C:\Program_dev\Git\cmd;C:\Program_dev\Graphviz2.38\bin;C:\Program_dev\DockerToolbox;C:\Program_dev\Pandoc;C:\Program_dev\groovy-2.5.1\bin;C:\Program_dev\gradle-4.9\bin;C:\Program_dev\Graphviz2.38\bin;;.]
2018-09-22 22:32:26.160  INFO 14984 --- [localhost-startStop-1] o.a.c.c.C.[Tomcat].[localhost].[/]       : Initializing Spring embedded WebApplicationContext
2018-09-22 22:32:26.162  INFO 14984 --- [localhost-startStop-1] o.s.web.context.ContextLoader            : Root WebApplicationContext: initialization completed in 1369 ms
2018-09-22 22:32:26.242  INFO 14984 --- [localhost-startStop-1] o.s.b.w.servlet.ServletRegistrationBean  : Servlet dispatcherServlet mapped to [/]
2018-09-22 22:32:26.247  INFO 14984 --- [localhost-startStop-1] o.s.b.w.servlet.FilterRegistrationBean   : Mapping filter: 'characterEncodingFilter' to: [/*]
2018-09-22 22:32:26.247  INFO 14984 --- [localhost-startStop-1] o.s.b.w.servlet.FilterRegistrationBean   : Mapping filter: 'hiddenHttpMethodFilter' to: [/*]
2018-09-22 22:32:26.248  INFO 14984 --- [localhost-startStop-1] o.s.b.w.servlet.FilterRegistrationBean   : Mapping filter: 'httpPutFormContentFilter' to: [/*]
2018-09-22 22:32:26.249  INFO 14984 --- [localhost-startStop-1] o.s.b.w.servlet.FilterRegistrationBean   : Mapping filter: 'requestContextFilter' to: [/*]
2018-09-22 22:32:26.359  INFO 14984 --- [main] o.s.w.s.handler.SimpleUrlHandlerMapping  : Mapped URL path [/**/favicon.ico] onto handler of type [class org.springframework.web.servlet.resource.ResourceHttpRequestHandler]
2018-09-22 22:32:26.543  INFO 14984 --- [main] s.w.s.m.m.a.RequestMappingHandlerAdapter : Looking for @ControllerAdvice: org.springframework.boot.web.servlet.context.AnnotationConfigServletWebServerApplicationContext@2cc44ad: startup date [Sat Sep 22 22:32:24 CEST 2018]; root of context hierarchy
2018-09-22 22:32:26.597  INFO 14984 --- [main] s.w.s.m.m.a.RequestMappingHandlerMapping : Mapped "{[/error]}" onto public org.springframework.http.ResponseEntity<java.util.Map<java.lang.String, java.lang.Object>> org.springframework.boot.autoconfigure.web.servlet.error.BasicErrorController.error(javax.servlet.http.HttpServletRequest)
2018-09-22 22:32:26.599  INFO 14984 --- [main] s.w.s.m.m.a.RequestMappingHandlerMapping : Mapped "{[/error],produces=[text/html]}" onto public org.springframework.web.servlet.ModelAndView org.springframework.boot.autoconfigure.web.servlet.error.BasicErrorController.errorHtml(javax.servlet.http.HttpServletRequest,javax.servlet.http.HttpServletResponse)
2018-09-22 22:32:26.620  INFO 14984 --- [main] o.s.w.s.handler.SimpleUrlHandlerMapping  : Mapped URL path [/webjars/**] onto handler of type [class org.springframework.web.servlet.resource.ResourceHttpRequestHandler]
2018-09-22 22:32:26.620  INFO 14984 --- [main] o.s.w.s.handler.SimpleUrlHandlerMapping  : Mapped URL path [/**] onto handler of type [class org.springframework.web.servlet.resource.ResourceHttpRequestHandler]
2018-09-22 22:32:26.765  INFO 14984 --- [main] o.s.j.e.a.AnnotationMBeanExporter        : Registering beans for JMX exposure on startup
2018-09-22 22:32:26.828  INFO 14984 --- [main] o.s.b.w.embedded.tomcat.TomcatWebServer  : Tomcat started on port(s): 8080 (http) with context path ''
2018-09-22 22:32:26.833  INFO 14984 --- [main] o.i.s.v.VanillaSpringBootApplication     : Started VanillaSpringBootApplication in 3.052 seconds (JVM running for 5.01)
2018-09-22 22:33:19.130  INFO 14984 --- [http-nio-8080-exec-1] o.a.c.c.C.[Tomcat].[localhost].[/]       : Initializing Spring FrameworkServlet 'dispatcherServlet'
2018-09-22 22:33:19.131  INFO 14984 --- [http-nio-8080-exec-1] o.s.web.servlet.DispatcherServlet        : FrameworkServlet 'dispatcherServlet': initialization started
2018-09-22 22:33:19.154  INFO 14984 --- [http-nio-8080-exec-1] o.s.web.servlet.DispatcherServlet        : FrameworkServlet 'dispatcherServlet': initialization completed in 23 ms
2018-09-22 22:33:54.877  INFO 5776 --- [main] o.i.s.v.VanillaSpringBootApplication     : Starting VanillaSpringBootApplication on ATC104184 with PID 5776 (C:\data\MyProjects\food-and-drinks-online-shop\vanilla-spring-boot\build\libs\vanilla-spring-boot-0.0.1-SNAPSHOT.jar started by WZHIOBA in C:\data\MyProjects\food-and-drinks-online-shop)
2018-09-22 22:33:54.884  INFO 5776 --- [main] o.i.s.v.VanillaSpringBootApplication     : No active profile set, falling back to default profiles: default
2018-09-22 22:33:55.003  INFO 5776 --- [main] ConfigServletWebServerApplicationContext : Refreshing org.springframework.boot.web.servlet.context.AnnotationConfigServletWebServerApplicationContext@67d18ed7: startup date [Sat Sep 22 22:33:55 CEST 2018]; root of context hierarchy
2018-09-22 22:33:56.956  INFO 5776 --- [main] o.s.b.w.embedded.tomcat.TomcatWebServer  : Tomcat initialized with port(s): 8080 (http)
2018-09-22 22:33:57.003  INFO 5776 --- [main] o.apache.catalina.core.StandardService   : Starting service [Tomcat]
2018-09-22 22:33:57.004  INFO 5776 --- [main] org.apache.catalina.core.StandardEngine  : Starting Servlet Engine: Apache Tomcat/8.5.32
2018-09-22 22:33:57.022  INFO 5776 --- [localhost-startStop-1] o.a.catalina.core.AprLifecycleListener   : The APR based Apache Tomcat Native library which allows optimal performance in production environments was not found on the java.library.path: [C:\Program Files (x86)\Common Files\Oracle\Java\javapath;C:\Windows\Sun\Java\bin;C:\Windows\system32;C:\Windows;C:\Users\WZHIOBA\bin;C:\Program_dev\Git\mingw64\bin;C:\Program_dev\Git\usr\local\bin;C:\Program_dev\Git\usr\bin;C:\Program_dev\Git\usr\bin;C:\Program_dev\Git\mingw64\bin;C:\Program_dev\Git\usr\bin;C:\Users\WZHIOBA\bin;C:\Program Files (x86)\Common Files\Oracle\Java\javapath;C:\Program_dev\Java\jdk-8u152-windows-x64\bin;C:\ProgramData\Oracle\Java\javapath;C:\Windows\system32;C:\Windows;C:\Windows\System32\Wbem;C:\Windows\System32\WindowsPowerShell\v1.0;C:\Program Files (x86)\IBM\EHLLAPI;C:\Windows\wpng\bin;C:\Program Files\TortoiseSVN\bin;C:\Program_dev\apache-maven-3.5.4\bin;C:\Program_Dev\NodeJS v8.9.4;C:\Program_dev\Pandoc;C:\Windows\System32\Ora12201\bin;C:\Program_dev\Microsoft SQL Server\Client SDK\ODBC\110\Tools\Binn;C:\data\LocalData\Microsoft SQL Server\120\Tools\Binn;C:\Program_dev\Microsoft SQL Server\120\Tools\Binn;C:\Program_dev\Microsoft SQL Server\120\DTS\Binn;C:\data\LocalData\Microsoft SQL Server\120\Tools\Binn\ManagementStudio;C:\data\LocalData\Microsoft SQL Server\120\DTS\Binn;C:\Program_dev\Ruby25-x64\bin;C:\Program_dev\Java\jdk-8u152-windows-x64\bin;C:\Progra~2\Oracle\11202\bin;C:\ProgramData\Oracle\Java\javapath;C:\Windows\system32;C:\Windows;C:\Windows\System32\Wbem;C:\Windows\System32\WindowsPowerShell\v1.0;C:\Program Files (x86)\IBM\EHLLAPI;C:\Windows\wpng\bin;C:\Program Files\TortoiseSVN\bin;C:\Program_dev\Git\cmd;C:\Program_dev\Graphviz2.38\bin;C:\Program_dev\DockerToolbox;C:\Program_dev\Pandoc;C:\Program_dev\groovy-2.5.1\bin;C:\Program_dev\gradle-4.9\bin;C:\Program_dev\Graphviz2.38\bin;C:\Program_dev\Git\usr\bin\vendor_perl;C:\Program_dev\Git\usr\bin\core_perl;C;C:\Program_dev\Git\Program_Dev\DockerToolbox;.]
2018-09-22 22:33:57.132  INFO 5776 --- [localhost-startStop-1] o.a.c.c.C.[Tomcat].[localhost].[/]       : Initializing Spring embedded WebApplicationContext
2018-09-22 22:33:57.133  INFO 5776 --- [localhost-startStop-1] o.s.web.context.ContextLoader            : Root WebApplicationContext: initialization completed in 2131 ms
2018-09-22 22:33:57.288  INFO 5776 --- [localhost-startStop-1] o.s.b.w.servlet.ServletRegistrationBean  : Servlet dispatcherServlet mapped to [/]
2018-09-22 22:33:57.292  INFO 5776 --- [localhost-startStop-1] o.s.b.w.servlet.FilterRegistrationBean   : Mapping filter: 'characterEncodingFilter' to: [/*]
2018-09-22 22:33:57.293  INFO 5776 --- [localhost-startStop-1] o.s.b.w.servlet.FilterRegistrationBean   : Mapping filter: 'hiddenHttpMethodFilter' to: [/*]
2018-09-22 22:33:57.294  INFO 5776 --- [localhost-startStop-1] o.s.b.w.servlet.FilterRegistrationBean   : Mapping filter: 'httpPutFormContentFilter' to: [/*]
2018-09-22 22:33:57.294  INFO 5776 --- [localhost-startStop-1] o.s.b.w.servlet.FilterRegistrationBean   : Mapping filter: 'requestContextFilter' to: [/*]
2018-09-22 22:33:57.465  INFO 5776 --- [main] o.s.w.s.handler.SimpleUrlHandlerMapping  : Mapped URL path [/**/favicon.ico] onto handler of type [class org.springframework.web.servlet.resource.ResourceHttpRequestHandler]
2018-09-22 22:33:57.701  INFO 5776 --- [main] s.w.s.m.m.a.RequestMappingHandlerAdapter : Looking for @ControllerAdvice: org.springframework.boot.web.servlet.context.AnnotationConfigServletWebServerApplicationContext@67d18ed7: startup date [Sat Sep 22 22:33:55 CEST 2018]; root of context hierarchy
2018-09-22 22:33:57.810  INFO 5776 --- [main] s.w.s.m.m.a.RequestMappingHandlerMapping : Mapped "{[/error]}" onto public org.springframework.http.ResponseEntity<java.util.Map<java.lang.String, java.lang.Object>> org.springframework.boot.autoconfigure.web.servlet.error.BasicErrorController.error(javax.servlet.http.HttpServletRequest)
2018-09-22 22:33:57.812  INFO 5776 --- [main] s.w.s.m.m.a.RequestMappingHandlerMapping : Mapped "{[/error],produces=[text/html]}" onto public org.springframework.web.servlet.ModelAndView org.springframework.boot.autoconfigure.web.servlet.error.BasicErrorController.errorHtml(javax.servlet.http.HttpServletRequest,javax.servlet.http.HttpServletResponse)
2018-09-22 22:33:57.839  INFO 5776 --- [main] o.s.w.s.handler.SimpleUrlHandlerMapping  : Mapped URL path [/webjars/**] onto handler of type [class org.springframework.web.servlet.resource.ResourceHttpRequestHandler]
2018-09-22 22:33:57.840  INFO 5776 --- [main] o.s.w.s.handler.SimpleUrlHandlerMapping  : Mapped URL path [/**] onto handler of type [class org.springframework.web.servlet.resource.ResourceHttpRequestHandler]
2018-09-22 22:33:58.047  INFO 5776 --- [main] o.s.j.e.a.AnnotationMBeanExporter        : Registering beans for JMX exposure on startup
2018-09-22 22:33:58.171  INFO 5776 --- [main] o.s.b.w.embedded.tomcat.TomcatWebServer  : Tomcat started on port(s): 8080 (http) with context path ''
2018-09-22 22:33:58.177  INFO 5776 --- [main] o.i.s.v.VanillaSpringBootApplication     : Started VanillaSpringBootApplication in 4.512 seconds (JVM running for 8.083)
2018-09-22 22:34:37.486  INFO 5776 --- [Thread-3] ConfigServletWebServerApplicationContext : Closing org.springframework.boot.web.servlet.context.AnnotationConfigServletWebServerApplicationContext@67d18ed7: startup date [Sat Sep 22 22:33:55 CEST 2018]; root of context hierarchy
2018-09-22 22:34:37.527  INFO 5776 --- [Thread-3] o.s.j.e.a.AnnotationMBeanExporter        : Unregistering JMX-exposed beans on shutdown
