2018-09-30 11:08:33.657  INFO 12984 --- [main] o.i.s.z.ZuulGatewayApplication           : No active profile set, falling back to default profiles: default
2018-09-30 11:08:33.697  INFO 12984 --- [main] ConfigServletWebServerApplicationContext : Refreshing org.springframework.boot.web.servlet.context.AnnotationConfigServletWebServerApplicationContext@5efa40fe: startup date [Sun Sep 30 11:08:33 CEST 2018]; parent: org.springframework.context.annotation.AnnotationConfigApplicationContext@6302bbb1
2018-09-30 11:08:34.853  INFO 12984 --- [main] o.s.b.f.s.DefaultListableBeanFactory     : Overriding bean definition for bean 'counterFactory' with a different definition: replacing [Root bean: class [null]; scope=; abstract=false; lazyInit=false; autowireMode=3; dependencyCheck=0; autowireCandidate=true; primary=false; factoryBeanName=org.springframework.cloud.netflix.zuul.ZuulServerAutoConfiguration$ZuulMetricsConfiguration; factoryMethodName=counterFactory; initMethodName=null; destroyMethodName=(inferred); defined in class path resource [org/springframework/cloud/netflix/zuul/ZuulServerAutoConfiguration$ZuulMetricsConfiguration.class]] with [Root bean: class [null]; scope=; abstract=false; lazyInit=false; autowireMode=3; dependencyCheck=0; autowireCandidate=true; primary=false; factoryBeanName=org.springframework.cloud.netflix.zuul.ZuulServerAutoConfiguration$ZuulCounterFactoryConfiguration; factoryMethodName=counterFactory; initMethodName=null; destroyMethodName=(inferred); defined in class path resource [org/springframework/cloud/netflix/zuul/ZuulServerAutoConfiguration$ZuulCounterFactoryConfiguration.class]]
2018-09-30 11:08:35.288  INFO 12984 --- [main] o.s.cloud.context.scope.GenericScope     : BeanFactory id=e8c88543-b8dd-3fa0-859e-f4a9e049dc64
2018-09-30 11:08:35.318  INFO 12984 --- [main] f.a.AutowiredAnnotationBeanPostProcessor : JSR-330 'javax.inject.Inject' annotation found and supported for autowiring
2018-09-30 11:08:35.720  INFO 12984 --- [main] trationDelegate$BeanPostProcessorChecker : Bean 'org.springframework.cloud.autoconfigure.ConfigurationPropertiesRebinderAutoConfiguration' of type [org.springframework.cloud.autoconfigure.ConfigurationPropertiesRebinderAutoConfiguration$$EnhancerBySpringCGLIB$$41f18ba3] is not eligible for getting processed by all BeanPostProcessors (for example: not eligible for auto-proxying)
2018-09-30 11:08:36.633  INFO 12984 --- [main] o.s.b.w.embedded.tomcat.TomcatWebServer  : Tomcat initialized with port(s): 8771 (http)
2018-09-30 11:08:36.678  INFO 12984 --- [main] o.apache.catalina.core.StandardService   : Starting service [Tomcat]
2018-09-30 11:08:36.680  INFO 12984 --- [main] org.apache.catalina.core.StandardEngine  : Starting Servlet Engine: Apache Tomcat/8.5.32
2018-09-30 11:08:36.706  INFO 12984 --- [localhost-startStop-1] o.a.catalina.core.AprLifecycleListener   : The APR based Apache Tomcat Native library which allows optimal performance in production environments was not found on the java.library.path: [C:\Program Files (x86)\Common Files\Oracle\Java\javapath;C:\Windows\Sun\Java\bin;C:\Windows\system32;C:\Windows;C:\Users\WZHIOBA\bin;C:\Program_dev\Git\mingw64\bin;C:\Program_dev\Git\usr\local\bin;C:\Program_dev\Git\usr\bin;C:\Program_dev\Git\usr\bin;C:\Program_dev\Git\mingw64\bin;C:\Program_dev\Git\usr\bin;C:\Users\WZHIOBA\bin;C:\Program Files (x86)\Common Files\Oracle\Java\javapath;C:\Program_dev\Java\jdk-8u152-windows-x64\bin;C:\ProgramData\Oracle\Java\javapath;C:\Windows\system32;C:\Windows;C:\Windows\System32\Wbem;C:\Windows\System32\WindowsPowerShell\v1.0;C:\Program Files (x86)\IBM\EHLLAPI;C:\Windows\wpng\bin;C:\Program Files\TortoiseSVN\bin;C:\Program_dev\apache-maven-3.5.4\bin;C:\Program_Dev\NodeJS v8.9.4;C:\Program_dev\Pandoc;C:\Windows\System32\Ora12201\bin;C:\Program_dev\Microsoft SQL Server\Client SDK\ODBC\110\Tools\Binn;C:\data\LocalData\Microsoft SQL Server\120\Tools\Binn;C:\Program_dev\Microsoft SQL Server\120\Tools\Binn;C:\Program_dev\Microsoft SQL Server\120\DTS\Binn;C:\data\LocalData\Microsoft SQL Server\120\Tools\Binn\ManagementStudio;C:\data\LocalData\Microsoft SQL Server\120\DTS\Binn;C:\Program_dev\Ruby25-x64\bin;C:\Program_dev\Java\jdk-8u152-windows-x64\bin;C:\Progra~2\Oracle\11202\bin;C:\ProgramData\Oracle\Java\javapath;C:\Windows\system32;C:\Windows;C:\Windows\System32\Wbem;C:\Windows\System32\WindowsPowerShell\v1.0;C:\Program Files (x86)\IBM\EHLLAPI;C:\Windows\wpng\bin;C:\Program Files\TortoiseSVN\bin;C:\Program_dev\Git\cmd;C:\Program_dev\Graphviz2.38\bin;C:\Program_dev\DockerToolbox;C:\Program_dev\Pandoc;C:\Program_dev\groovy-2.5.1\bin;C:\Program_dev\gradle-4.9\bin;C:\Program_dev\Graphviz2.38\bin;C:\Program_dev\Git\usr\bin\vendor_perl;C:\Program_dev\Git\usr\bin\core_perl;C;C:\Program_dev\Git\Program_Dev\DockerToolbox;.]
2018-09-30 11:08:36.846  INFO 12984 --- [localhost-startStop-1] o.a.c.c.C.[Tomcat].[localhost].[/]       : Initializing Spring embedded WebApplicationContext
2018-09-30 11:08:36.847  INFO 12984 --- [localhost-startStop-1] o.s.web.context.ContextLoader            : Root WebApplicationContext: initialization completed in 3149 ms
2018-09-30 11:08:37.197  WARN 12984 --- [localhost-startStop-1] c.n.c.sources.URLConfigurationSource     : No URLs will be polled as dynamic configuration sources.
2018-09-30 11:08:37.197  INFO 12984 --- [localhost-startStop-1] c.n.c.sources.URLConfigurationSource     : To enable URLs as dynamic configuration sources, define System property archaius.configurationSource.additionalUrls or make config.properties available on classpath.
2018-09-30 11:08:37.225  INFO 12984 --- [localhost-startStop-1] c.netflix.config.DynamicPropertyFactory  : DynamicPropertyFactory is initialized with configuration sources: com.netflix.config.ConcurrentCompositeConfiguration@20e58e7f
2018-09-30 11:08:39.468  INFO 12984 --- [localhost-startStop-1] o.s.b.w.servlet.FilterRegistrationBean   : Mapping filter: 'characterEncodingFilter' to: [/*]
2018-09-30 11:08:39.469  INFO 12984 --- [localhost-startStop-1] o.s.b.w.servlet.FilterRegistrationBean   : Mapping filter: 'webMvcMetricsFilter' to: [/*]
2018-09-30 11:08:39.470  INFO 12984 --- [localhost-startStop-1] o.s.b.w.servlet.FilterRegistrationBean   : Mapping filter: 'hiddenHttpMethodFilter' to: [/*]
2018-09-30 11:08:39.470  INFO 12984 --- [localhost-startStop-1] o.s.b.w.servlet.FilterRegistrationBean   : Mapping filter: 'httpPutFormContentFilter' to: [/*]
2018-09-30 11:08:39.470  INFO 12984 --- [localhost-startStop-1] o.s.b.w.servlet.FilterRegistrationBean   : Mapping filter: 'requestContextFilter' to: [/*]
2018-09-30 11:08:39.471  INFO 12984 --- [localhost-startStop-1] o.s.b.w.servlet.FilterRegistrationBean   : Mapping filter: 'httpTraceFilter' to: [/*]
2018-09-30 11:08:39.471  INFO 12984 --- [localhost-startStop-1] o.s.b.w.servlet.ServletRegistrationBean  : Servlet dispatcherServlet mapped to [/]
2018-09-30 11:08:39.473  INFO 12984 --- [localhost-startStop-1] o.s.b.w.servlet.ServletRegistrationBean  : Servlet zuulServlet mapped to [/zuul/*]
2018-09-30 11:08:39.605  WARN 12984 --- [main] o.s.c.n.a.ArchaiusAutoConfiguration      : No spring.application.name found, defaulting to 'application'
2018-09-30 11:08:39.609  WARN 12984 --- [main] c.n.c.sources.URLConfigurationSource     : No URLs will be polled as dynamic configuration sources.
2018-09-30 11:08:39.609  INFO 12984 --- [main] c.n.c.sources.URLConfigurationSource     : To enable URLs as dynamic configuration sources, define System property archaius.configurationSource.additionalUrls or make config.properties available on classpath.
2018-09-30 11:08:39.747  INFO 12984 --- [main] o.s.w.s.handler.SimpleUrlHandlerMapping  : Mapped URL path [/**/favicon.ico] onto handler of type [class org.springframework.web.servlet.resource.ResourceHttpRequestHandler]
2018-09-30 11:08:40.033  INFO 12984 --- [main] s.w.s.m.m.a.RequestMappingHandlerAdapter : Looking for @ControllerAdvice: org.springframework.boot.web.servlet.context.AnnotationConfigServletWebServerApplicationContext@5efa40fe: startup date [Sun Sep 30 11:08:33 CEST 2018]; parent: org.springframework.context.annotation.AnnotationConfigApplicationContext@6302bbb1
2018-09-30 11:08:40.132  INFO 12984 --- [main] s.w.s.m.m.a.RequestMappingHandlerMapping : Mapped "{[/error]}" onto public org.springframework.http.ResponseEntity<java.util.Map<java.lang.String, java.lang.Object>> org.springframework.boot.autoconfigure.web.servlet.error.BasicErrorController.error(javax.servlet.http.HttpServletRequest)
2018-09-30 11:08:40.133  INFO 12984 --- [main] s.w.s.m.m.a.RequestMappingHandlerMapping : Mapped "{[/error],produces=[text/html]}" onto public org.springframework.web.servlet.ModelAndView org.springframework.boot.autoconfigure.web.servlet.error.BasicErrorController.errorHtml(javax.servlet.http.HttpServletRequest,javax.servlet.http.HttpServletResponse)
2018-09-30 11:08:40.172  INFO 12984 --- [main] o.s.w.s.handler.SimpleUrlHandlerMapping  : Mapped URL path [/webjars/**] onto handler of type [class org.springframework.web.servlet.resource.ResourceHttpRequestHandler]
2018-09-30 11:08:40.172  INFO 12984 --- [main] o.s.w.s.handler.SimpleUrlHandlerMapping  : Mapped URL path [/**] onto handler of type [class org.springframework.web.servlet.resource.ResourceHttpRequestHandler]
2018-09-30 11:08:41.179  INFO 12984 --- [main] o.s.c.n.zuul.ZuulFilterInitializer       : Starting filter initializer
2018-09-30 11:08:41.225  INFO 12984 --- [main] o.s.b.a.e.web.EndpointLinksResolver      : Exposing 8 endpoint(s) beneath base path '/actuator'
2018-09-30 11:08:41.242  INFO 12984 --- [main] s.b.a.e.w.s.WebMvcEndpointHandlerMapping : Mapped "{[/actuator/auditevents],methods=[GET],produces=[application/vnd.spring-boot.actuator.v2+json || application/json]}" onto public java.lang.Object org.springframework.boot.actuate.endpoint.web.servlet.AbstractWebMvcEndpointHandlerMapping$OperationHandler.handle(javax.servlet.http.HttpServletRequest,java.util.Map<java.lang.String, java.lang.String>)
2018-09-30 11:08:41.243  INFO 12984 --- [main] s.b.a.e.w.s.WebMvcEndpointHandlerMapping : Mapped "{[/actuator/health],methods=[GET],produces=[application/vnd.spring-boot.actuator.v2+json || application/json]}" onto public java.lang.Object org.springframework.boot.actuate.endpoint.web.servlet.AbstractWebMvcEndpointHandlerMapping$OperationHandler.handle(javax.servlet.http.HttpServletRequest,java.util.Map<java.lang.String, java.lang.String>)
2018-09-30 11:08:41.245  INFO 12984 --- [main] s.b.a.e.w.s.WebMvcEndpointHandlerMapping : Mapped "{[/actuator/configprops],methods=[GET],produces=[application/vnd.spring-boot.actuator.v2+json || application/json]}" onto public java.lang.Object org.springframework.boot.actuate.endpoint.web.servlet.AbstractWebMvcEndpointHandlerMapping$OperationHandler.handle(javax.servlet.http.HttpServletRequest,java.util.Map<java.lang.String, java.lang.String>)
2018-09-30 11:08:41.246  INFO 12984 --- [main] s.b.a.e.w.s.WebMvcEndpointHandlerMapping : Mapped "{[/actuator/info],methods=[GET],produces=[application/vnd.spring-boot.actuator.v2+json || application/json]}" onto public java.lang.Object org.springframework.boot.actuate.endpoint.web.servlet.AbstractWebMvcEndpointHandlerMapping$OperationHandler.handle(javax.servlet.http.HttpServletRequest,java.util.Map<java.lang.String, java.lang.String>)
2018-09-30 11:08:41.246  INFO 12984 --- [main] s.b.a.e.w.s.WebMvcEndpointHandlerMapping : Mapped "{[/actuator/loggers],methods=[GET],produces=[application/vnd.spring-boot.actuator.v2+json || application/json]}" onto public java.lang.Object org.springframework.boot.actuate.endpoint.web.servlet.AbstractWebMvcEndpointHandlerMapping$OperationHandler.handle(javax.servlet.http.HttpServletRequest,java.util.Map<java.lang.String, java.lang.String>)
2018-09-30 11:08:41.248  INFO 12984 --- [main] s.b.a.e.w.s.WebMvcEndpointHandlerMapping : Mapped "{[/actuator/loggers/{name}],methods=[GET],produces=[application/vnd.spring-boot.actuator.v2+json || application/json]}" onto public java.lang.Object org.springframework.boot.actuate.endpoint.web.servlet.AbstractWebMvcEndpointHandlerMapping$OperationHandler.handle(javax.servlet.http.HttpServletRequest,java.util.Map<java.lang.String, java.lang.String>)
2018-09-30 11:08:41.250  INFO 12984 --- [main] s.b.a.e.w.s.WebMvcEndpointHandlerMapping : Mapped "{[/actuator/loggers/{name}],methods=[POST],consumes=[application/vnd.spring-boot.actuator.v2+json || application/json]}" onto public java.lang.Object org.springframework.boot.actuate.endpoint.web.servlet.AbstractWebMvcEndpointHandlerMapping$OperationHandler.handle(javax.servlet.http.HttpServletRequest,java.util.Map<java.lang.String, java.lang.String>)
2018-09-30 11:08:41.251  INFO 12984 --- [main] s.b.a.e.w.s.WebMvcEndpointHandlerMapping : Mapped "{[/actuator/heapdump],methods=[GET],produces=[application/octet-stream]}" onto public java.lang.Object org.springframework.boot.actuate.endpoint.web.servlet.AbstractWebMvcEndpointHandlerMapping$OperationHandler.handle(javax.servlet.http.HttpServletRequest,java.util.Map<java.lang.String, java.lang.String>)
2018-09-30 11:08:41.251  INFO 12984 --- [main] s.b.a.e.w.s.WebMvcEndpointHandlerMapping : Mapped "{[/actuator/threaddump],methods=[GET],produces=[application/vnd.spring-boot.actuator.v2+json || application/json]}" onto public java.lang.Object org.springframework.boot.actuate.endpoint.web.servlet.AbstractWebMvcEndpointHandlerMapping$OperationHandler.handle(javax.servlet.http.HttpServletRequest,java.util.Map<java.lang.String, java.lang.String>)
2018-09-30 11:08:41.251  INFO 12984 --- [main] s.b.a.e.w.s.WebMvcEndpointHandlerMapping : Mapped "{[/actuator/metrics],methods=[GET],produces=[application/vnd.spring-boot.actuator.v2+json || application/json]}" onto public java.lang.Object org.springframework.boot.actuate.endpoint.web.servlet.AbstractWebMvcEndpointHandlerMapping$OperationHandler.handle(javax.servlet.http.HttpServletRequest,java.util.Map<java.lang.String, java.lang.String>)
2018-09-30 11:08:41.252  INFO 12984 --- [main] s.b.a.e.w.s.WebMvcEndpointHandlerMapping : Mapped "{[/actuator/metrics/{requiredMetricName}],methods=[GET],produces=[application/vnd.spring-boot.actuator.v2+json || application/json]}" onto public java.lang.Object org.springframework.boot.actuate.endpoint.web.servlet.AbstractWebMvcEndpointHandlerMapping$OperationHandler.handle(javax.servlet.http.HttpServletRequest,java.util.Map<java.lang.String, java.lang.String>)
2018-09-30 11:08:41.253  INFO 12984 --- [main] s.b.a.e.w.s.WebMvcEndpointHandlerMapping : Mapped "{[/actuator],methods=[GET],produces=[application/vnd.spring-boot.actuator.v2+json || application/json]}" onto protected java.util.Map<java.lang.String, java.util.Map<java.lang.String, org.springframework.boot.actuate.endpoint.web.Link>> org.springframework.boot.actuate.endpoint.web.servlet.WebMvcEndpointHandlerMapping.links(javax.servlet.http.HttpServletRequest,javax.servlet.http.HttpServletResponse)
2018-09-30 11:08:41.333  INFO 12984 --- [main] o.s.j.e.a.AnnotationMBeanExporter        : Registering beans for JMX exposure on startup
2018-09-30 11:08:41.345  INFO 12984 --- [main] o.s.j.e.a.AnnotationMBeanExporter        : Bean with name 'environmentManager' has been autodetected for JMX exposure
2018-09-30 11:08:41.350  INFO 12984 --- [main] o.s.j.e.a.AnnotationMBeanExporter        : Bean with name 'configurationPropertiesRebinder' has been autodetected for JMX exposure
2018-09-30 11:08:41.351  INFO 12984 --- [main] o.s.j.e.a.AnnotationMBeanExporter        : Bean with name 'refreshScope' has been autodetected for JMX exposure
2018-09-30 11:08:41.355  INFO 12984 --- [main] o.s.j.e.a.AnnotationMBeanExporter        : Located managed bean 'environmentManager': registering with JMX server as MBean [org.springframework.cloud.context.environment:name=environmentManager,type=EnvironmentManager]
2018-09-30 11:08:41.367  INFO 12984 --- [main] o.s.j.e.a.AnnotationMBeanExporter        : Located managed bean 'refreshScope': registering with JMX server as MBean [org.springframework.cloud.context.scope.refresh:name=refreshScope,type=RefreshScope]
2018-09-30 11:08:41.381  INFO 12984 --- [main] o.s.j.e.a.AnnotationMBeanExporter        : Located managed bean 'configurationPropertiesRebinder': registering with JMX server as MBean [org.springframework.cloud.context.properties:name=configurationPropertiesRebinder,context=5efa40fe,type=ConfigurationPropertiesRebinder]
2018-09-30 11:08:41.395  INFO 12984 --- [main] o.s.c.support.DefaultLifecycleProcessor  : Starting beans in phase 0
2018-09-30 11:08:41.403  INFO 12984 --- [main] o.s.c.n.eureka.InstanceInfoFactory       : Setting initial instance status as: STARTING
2018-09-30 11:08:41.475  INFO 12984 --- [main] com.netflix.discovery.DiscoveryClient    : Initializing Eureka in region us-east-1
2018-09-30 11:08:41.568  INFO 12984 --- [main] c.n.d.provider.DiscoveryJerseyProvider   : Using JSON encoding codec LegacyJacksonJson
2018-09-30 11:08:41.568  INFO 12984 --- [main] c.n.d.provider.DiscoveryJerseyProvider   : Using JSON decoding codec LegacyJacksonJson
2018-09-30 11:08:41.737  INFO 12984 --- [main] c.n.d.provider.DiscoveryJerseyProvider   : Using XML encoding codec XStreamXml
2018-09-30 11:08:41.737  INFO 12984 --- [main] c.n.d.provider.DiscoveryJerseyProvider   : Using XML decoding codec XStreamXml
2018-09-30 11:08:42.008  INFO 12984 --- [main] c.n.d.s.r.aws.ConfigClusterResolver      : Resolving eureka endpoints via configuration
2018-09-30 11:08:42.226  INFO 12984 --- [main] com.netflix.discovery.DiscoveryClient    : Disable delta property : false
2018-09-30 11:08:42.227  INFO 12984 --- [main] com.netflix.discovery.DiscoveryClient    : Single vip registry refresh property : null
2018-09-30 11:08:42.228  INFO 12984 --- [main] com.netflix.discovery.DiscoveryClient    : Force full registry fetch : false
2018-09-30 11:08:42.229  INFO 12984 --- [main] com.netflix.discovery.DiscoveryClient    : Application is null : false
2018-09-30 11:08:42.229  INFO 12984 --- [main] com.netflix.discovery.DiscoveryClient    : Registered Applications size is zero : true
2018-09-30 11:08:42.229  INFO 12984 --- [main] com.netflix.discovery.DiscoveryClient    : Application version is -1: true
2018-09-30 11:08:42.229  INFO 12984 --- [main] com.netflix.discovery.DiscoveryClient    : Getting all instance registry info from the eureka server
2018-09-30 11:08:42.714  INFO 12984 --- [main] com.netflix.discovery.DiscoveryClient    : The response status is 200
2018-09-30 11:08:42.717  INFO 12984 --- [main] com.netflix.discovery.DiscoveryClient    : Not registering with Eureka server per configuration
2018-09-30 11:08:42.721  INFO 12984 --- [main] com.netflix.discovery.DiscoveryClient    : Discovery Client initialized at timestamp 1538298522720 with initial instances count: 0
2018-09-30 11:08:42.728  INFO 12984 --- [main] o.s.c.n.e.s.EurekaServiceRegistry        : Registering application unknown with eureka with status UP
2018-09-30 11:08:42.935  INFO 12984 --- [main] o.s.b.w.embedded.tomcat.TomcatWebServer  : Tomcat started on port(s): 8771 (http) with context path ''
2018-09-30 11:08:42.936  INFO 12984 --- [main] .s.c.n.e.s.EurekaAutoServiceRegistration : Updating port to 8771
2018-09-30 11:08:42.941  INFO 12984 --- [main] o.i.s.z.ZuulGatewayApplication           : Started ZuulGatewayApplication in 11.782 seconds (JVM running for 12.588)
2018-09-30 11:09:12.717  INFO 12984 --- [DiscoveryClient-CacheRefreshExecutor-0] com.netflix.discovery.DiscoveryClient    : Disable delta property : false
2018-09-30 11:09:12.720  INFO 12984 --- [DiscoveryClient-CacheRefreshExecutor-0] com.netflix.discovery.DiscoveryClient    : Single vip registry refresh property : null
2018-09-30 11:09:12.720  INFO 12984 --- [DiscoveryClient-CacheRefreshExecutor-0] com.netflix.discovery.DiscoveryClient    : Force full registry fetch : false
2018-09-30 11:09:12.720  INFO 12984 --- [DiscoveryClient-CacheRefreshExecutor-0] com.netflix.discovery.DiscoveryClient    : Application is null : false
2018-09-30 11:09:12.720  INFO 12984 --- [DiscoveryClient-CacheRefreshExecutor-0] com.netflix.discovery.DiscoveryClient    : Registered Applications size is zero : true
2018-09-30 11:09:12.721  INFO 12984 --- [DiscoveryClient-CacheRefreshExecutor-0] com.netflix.discovery.DiscoveryClient    : Application version is -1: false
2018-09-30 11:09:12.721  INFO 12984 --- [DiscoveryClient-CacheRefreshExecutor-0] com.netflix.discovery.DiscoveryClient    : Getting all instance registry info from the eureka server
2018-09-30 11:09:12.827  INFO 12984 --- [DiscoveryClient-CacheRefreshExecutor-0] com.netflix.discovery.DiscoveryClient    : The response status is 200
2018-09-30 11:09:57.679  INFO 12984 --- [http-nio-8771-exec-3] o.a.c.c.C.[Tomcat].[localhost].[/]       : Initializing Spring FrameworkServlet 'dispatcherServlet'
2018-09-30 11:09:57.680  INFO 12984 --- [http-nio-8771-exec-3] o.s.web.servlet.DispatcherServlet        : FrameworkServlet 'dispatcherServlet': initialization started
2018-09-30 11:09:57.758  INFO 12984 --- [http-nio-8771-exec-3] o.s.web.servlet.DispatcherServlet        : FrameworkServlet 'dispatcherServlet': initialization completed in 78 ms
2018-09-30 11:09:57.799  INFO 12984 --- [http-nio-8771-exec-3] o.s.c.n.zuul.web.ZuulHandlerMapping      : Mapped URL path [/pizzaprovider/**] onto handler of type [class org.springframework.cloud.netflix.zuul.web.ZuulController]
2018-09-30 11:09:57.799  INFO 12984 --- [http-nio-8771-exec-3] o.s.c.n.zuul.web.ZuulHandlerMapping      : Mapped URL path [/feignshop/**] onto handler of type [class org.springframework.cloud.netflix.zuul.web.ZuulController]
2018-09-30 11:09:57.863  INFO 12984 --- [http-nio-8771-exec-3] s.c.a.AnnotationConfigApplicationContext : Refreshing SpringClientFactory-feignshop: startup date [Sun Sep 30 11:09:57 CEST 2018]; parent: org.springframework.boot.web.servlet.context.AnnotationConfigServletWebServerApplicationContext@5efa40fe
2018-09-30 11:09:57.951  INFO 12984 --- [http-nio-8771-exec-3] f.a.AutowiredAnnotationBeanPostProcessor : JSR-330 'javax.inject.Inject' annotation found and supported for autowiring
2018-09-30 11:09:58.282  INFO 12984 --- [http-nio-8771-exec-3] c.netflix.config.ChainedDynamicProperty  : Flipping property: feignshop.ribbon.ActiveConnectionsLimit to use NEXT property: niws.loadbalancer.availabilityFilteringRule.activeConnectionsLimit = 2147483647
2018-09-30 11:09:58.315  INFO 12984 --- [http-nio-8771-exec-3] c.n.u.concurrent.ShutdownEnabledTimer    : Shutdown hook installed for: NFLoadBalancer-PingTimer-feignshop
2018-09-30 11:09:58.367  INFO 12984 --- [http-nio-8771-exec-3] c.netflix.loadbalancer.BaseLoadBalancer  : Client: feignshop instantiated a LoadBalancer: DynamicServerListLoadBalancer:{NFLoadBalancer:name=feignshop,current list of Servers=[],Load balancer stats=Zone stats: {},Server stats: []}ServerList:null
2018-09-30 11:09:58.380  INFO 12984 --- [http-nio-8771-exec-3] c.n.l.DynamicServerListLoadBalancer      : Using serverListUpdater PollingServerListUpdater
2018-09-30 11:09:58.422  INFO 12984 --- [http-nio-8771-exec-3] c.netflix.config.ChainedDynamicProperty  : Flipping property: feignshop.ribbon.ActiveConnectionsLimit to use NEXT property: niws.loadbalancer.availabilityFilteringRule.activeConnectionsLimit = 2147483647
2018-09-30 11:09:58.424  INFO 12984 --- [http-nio-8771-exec-3] c.n.l.DynamicServerListLoadBalancer      : DynamicServerListLoadBalancer for client feignshop initialized: DynamicServerListLoadBalancer:{NFLoadBalancer:name=feignshop,current list of Servers=[localhost:9091],Load balancer stats=Zone stats: {defaultzone=[Zone:defaultzone;	Instance count:1;	Active connections count: 0;	Circuit breaker tripped count: 0;	Active connections per server: 0.0;]
},Server stats: [[Server:localhost:9091;	Zone:defaultZone;	Total Requests:0;	Successive connection failure:0;	Total blackout seconds:0;	Last connection made:Thu Jan 01 01:00:00 CET 1970;	First connection made: Thu Jan 01 01:00:00 CET 1970;	Active Connections:0;	total failure count in last (1000) msecs:0;	average resp time:0.0;	90 percentile resp time:0.0;	95 percentile resp time:0.0;	min resp time:0.0;	max resp time:0.0;	stddev resp time:0.0]
]}ServerList:org.springframework.cloud.netflix.ribbon.eureka.DomainExtractingServerList@20bf4a39
2018-09-30 11:09:59.399  INFO 12984 --- [PollingServerListUpdater-0] c.netflix.config.ChainedDynamicProperty  : Flipping property: feignshop.ribbon.ActiveConnectionsLimit to use NEXT property: niws.loadbalancer.availabilityFilteringRule.activeConnectionsLimit = 2147483647
2018-09-30 11:09:59.923  WARN 12984 --- [http-nio-8771-exec-3] o.s.c.n.z.filters.post.SendErrorFilter   : Error during filtering

com.netflix.zuul.exception.ZuulException: 
	at org.springframework.cloud.netflix.zuul.filters.post.SendErrorFilter.findZuulException(SendErrorFilter.java:114) ~[spring-cloud-netflix-zuul-2.0.1.RELEASE.jar!/:2.0.1.RELEASE]
	at org.springframework.cloud.netflix.zuul.filters.post.SendErrorFilter.run(SendErrorFilter.java:76) ~[spring-cloud-netflix-zuul-2.0.1.RELEASE.jar!/:2.0.1.RELEASE]
	at com.netflix.zuul.ZuulFilter.runFilter(ZuulFilter.java:117) [zuul-core-1.3.1.jar!/:1.3.1]
	at com.netflix.zuul.FilterProcessor.processZuulFilter(FilterProcessor.java:193) [zuul-core-1.3.1.jar!/:1.3.1]
	at com.netflix.zuul.FilterProcessor.runFilters(FilterProcessor.java:157) [zuul-core-1.3.1.jar!/:1.3.1]
	at com.netflix.zuul.FilterProcessor.error(FilterProcessor.java:105) [zuul-core-1.3.1.jar!/:1.3.1]
	at com.netflix.zuul.ZuulRunner.error(ZuulRunner.java:112) [zuul-core-1.3.1.jar!/:1.3.1]
	at com.netflix.zuul.http.ZuulServlet.error(ZuulServlet.java:145) [zuul-core-1.3.1.jar!/:1.3.1]
	at com.netflix.zuul.http.ZuulServlet.service(ZuulServlet.java:83) [zuul-core-1.3.1.jar!/:1.3.1]
	at org.springframework.web.servlet.mvc.ServletWrappingController.handleRequestInternal(ServletWrappingController.java:165) [spring-webmvc-5.0.8.RELEASE.jar!/:5.0.8.RELEASE]
	at org.springframework.cloud.netflix.zuul.web.ZuulController.handleRequest(ZuulController.java:44) [spring-cloud-netflix-zuul-2.0.1.RELEASE.jar!/:2.0.1.RELEASE]
	at org.springframework.web.servlet.mvc.SimpleControllerHandlerAdapter.handle(SimpleControllerHandlerAdapter.java:52) [spring-webmvc-5.0.8.RELEASE.jar!/:5.0.8.RELEASE]
	at org.springframework.web.servlet.DispatcherServlet.doDispatch(DispatcherServlet.java:991) [spring-webmvc-5.0.8.RELEASE.jar!/:5.0.8.RELEASE]
	at org.springframework.web.servlet.DispatcherServlet.doService(DispatcherServlet.java:925) [spring-webmvc-5.0.8.RELEASE.jar!/:5.0.8.RELEASE]
	at org.springframework.web.servlet.FrameworkServlet.processRequest(FrameworkServlet.java:974) [spring-webmvc-5.0.8.RELEASE.jar!/:5.0.8.RELEASE]
	at org.springframework.web.servlet.FrameworkServlet.doGet(FrameworkServlet.java:866) [spring-webmvc-5.0.8.RELEASE.jar!/:5.0.8.RELEASE]
	at javax.servlet.http.HttpServlet.service(HttpServlet.java:635) [tomcat-embed-core-8.5.32.jar!/:8.5.32]
	at org.springframework.web.servlet.FrameworkServlet.service(FrameworkServlet.java:851) [spring-webmvc-5.0.8.RELEASE.jar!/:5.0.8.RELEASE]
	at javax.servlet.http.HttpServlet.service(HttpServlet.java:742) [tomcat-embed-core-8.5.32.jar!/:8.5.32]
	at org.apache.catalina.core.ApplicationFilterChain.internalDoFilter(ApplicationFilterChain.java:231) [tomcat-embed-core-8.5.32.jar!/:8.5.32]
	at org.apache.catalina.core.ApplicationFilterChain.doFilter(ApplicationFilterChain.java:166) [tomcat-embed-core-8.5.32.jar!/:8.5.32]
	at org.apache.tomcat.websocket.server.WsFilter.doFilter(WsFilter.java:52) [tomcat-embed-websocket-8.5.32.jar!/:8.5.32]
	at org.apache.catalina.core.ApplicationFilterChain.internalDoFilter(ApplicationFilterChain.java:193) [tomcat-embed-core-8.5.32.jar!/:8.5.32]
	at org.apache.catalina.core.ApplicationFilterChain.doFilter(ApplicationFilterChain.java:166) [tomcat-embed-core-8.5.32.jar!/:8.5.32]
	at org.springframework.boot.actuate.web.trace.servlet.HttpTraceFilter.doFilterInternal(HttpTraceFilter.java:90) [spring-boot-actuator-2.0.4.RELEASE.jar!/:2.0.4.RELEASE]
	at org.springframework.web.filter.OncePerRequestFilter.doFilter(OncePerRequestFilter.java:107) [spring-web-5.0.8.RELEASE.jar!/:5.0.8.RELEASE]
	at org.apache.catalina.core.ApplicationFilterChain.internalDoFilter(ApplicationFilterChain.java:193) [tomcat-embed-core-8.5.32.jar!/:8.5.32]
	at org.apache.catalina.core.ApplicationFilterChain.doFilter(ApplicationFilterChain.java:166) [tomcat-embed-core-8.5.32.jar!/:8.5.32]
	at org.springframework.web.filter.RequestContextFilter.doFilterInternal(RequestContextFilter.java:99) [spring-web-5.0.8.RELEASE.jar!/:5.0.8.RELEASE]
	at org.springframework.web.filter.OncePerRequestFilter.doFilter(OncePerRequestFilter.java:107) [spring-web-5.0.8.RELEASE.jar!/:5.0.8.RELEASE]
	at org.apache.catalina.core.ApplicationFilterChain.internalDoFilter(ApplicationFilterChain.java:193) [tomcat-embed-core-8.5.32.jar!/:8.5.32]
	at org.apache.catalina.core.ApplicationFilterChain.doFilter(ApplicationFilterChain.java:166) [tomcat-embed-core-8.5.32.jar!/:8.5.32]
	at org.springframework.web.filter.HttpPutFormContentFilter.doFilterInternal(HttpPutFormContentFilter.java:109) [spring-web-5.0.8.RELEASE.jar!/:5.0.8.RELEASE]
	at org.springframework.web.filter.OncePerRequestFilter.doFilter(OncePerRequestFilter.java:107) [spring-web-5.0.8.RELEASE.jar!/:5.0.8.RELEASE]
	at org.apache.catalina.core.ApplicationFilterChain.internalDoFilter(ApplicationFilterChain.java:193) [tomcat-embed-core-8.5.32.jar!/:8.5.32]
	at org.apache.catalina.core.ApplicationFilterChain.doFilter(ApplicationFilterChain.java:166) [tomcat-embed-core-8.5.32.jar!/:8.5.32]
	at org.springframework.web.filter.HiddenHttpMethodFilter.doFilterInternal(HiddenHttpMethodFilter.java:93) [spring-web-5.0.8.RELEASE.jar!/:5.0.8.RELEASE]
	at org.springframework.web.filter.OncePerRequestFilter.doFilter(OncePerRequestFilter.java:107) [spring-web-5.0.8.RELEASE.jar!/:5.0.8.RELEASE]
	at org.apache.catalina.core.ApplicationFilterChain.internalDoFilter(ApplicationFilterChain.java:193) [tomcat-embed-core-8.5.32.jar!/:8.5.32]
	at org.apache.catalina.core.ApplicationFilterChain.doFilter(ApplicationFilterChain.java:166) [tomcat-embed-core-8.5.32.jar!/:8.5.32]
	at org.springframework.boot.actuate.metrics.web.servlet.WebMvcMetricsFilter.filterAndRecordMetrics(WebMvcMetricsFilter.java:155) [spring-boot-actuator-2.0.4.RELEASE.jar!/:2.0.4.RELEASE]
	at org.springframework.boot.actuate.metrics.web.servlet.WebMvcMetricsFilter.filterAndRecordMetrics(WebMvcMetricsFilter.java:123) [spring-boot-actuator-2.0.4.RELEASE.jar!/:2.0.4.RELEASE]
	at org.springframework.boot.actuate.metrics.web.servlet.WebMvcMetricsFilter.doFilterInternal(WebMvcMetricsFilter.java:108) [spring-boot-actuator-2.0.4.RELEASE.jar!/:2.0.4.RELEASE]
	at org.springframework.web.filter.OncePerRequestFilter.doFilter(OncePerRequestFilter.java:107) [spring-web-5.0.8.RELEASE.jar!/:5.0.8.RELEASE]
	at org.apache.catalina.core.ApplicationFilterChain.internalDoFilter(ApplicationFilterChain.java:193) [tomcat-embed-core-8.5.32.jar!/:8.5.32]
	at org.apache.catalina.core.ApplicationFilterChain.doFilter(ApplicationFilterChain.java:166) [tomcat-embed-core-8.5.32.jar!/:8.5.32]
	at org.springframework.web.filter.CharacterEncodingFilter.doFilterInternal(CharacterEncodingFilter.java:200) [spring-web-5.0.8.RELEASE.jar!/:5.0.8.RELEASE]
	at org.springframework.web.filter.OncePerRequestFilter.doFilter(OncePerRequestFilter.java:107) [spring-web-5.0.8.RELEASE.jar!/:5.0.8.RELEASE]
	at org.apache.catalina.core.ApplicationFilterChain.internalDoFilter(ApplicationFilterChain.java:193) [tomcat-embed-core-8.5.32.jar!/:8.5.32]
	at org.apache.catalina.core.ApplicationFilterChain.doFilter(ApplicationFilterChain.java:166) [tomcat-embed-core-8.5.32.jar!/:8.5.32]
	at org.apache.catalina.core.StandardWrapperValve.invoke(StandardWrapperValve.java:198) [tomcat-embed-core-8.5.32.jar!/:8.5.32]
	at org.apache.catalina.core.StandardContextValve.invoke(StandardContextValve.java:96) [tomcat-embed-core-8.5.32.jar!/:8.5.32]
	at org.apache.catalina.authenticator.AuthenticatorBase.invoke(AuthenticatorBase.java:493) [tomcat-embed-core-8.5.32.jar!/:8.5.32]
	at org.apache.catalina.core.StandardHostValve.invoke(StandardHostValve.java:140) [tomcat-embed-core-8.5.32.jar!/:8.5.32]
	at org.apache.catalina.valves.ErrorReportValve.invoke(ErrorReportValve.java:81) [tomcat-embed-core-8.5.32.jar!/:8.5.32]
	at org.apache.catalina.core.StandardEngineValve.invoke(StandardEngineValve.java:87) [tomcat-embed-core-8.5.32.jar!/:8.5.32]
	at org.apache.catalina.connector.CoyoteAdapter.service(CoyoteAdapter.java:342) [tomcat-embed-core-8.5.32.jar!/:8.5.32]
	at org.apache.coyote.http11.Http11Processor.service(Http11Processor.java:800) [tomcat-embed-core-8.5.32.jar!/:8.5.32]
	at org.apache.coyote.AbstractProcessorLight.process(AbstractProcessorLight.java:66) [tomcat-embed-core-8.5.32.jar!/:8.5.32]
	at org.apache.coyote.AbstractProtocol$ConnectionHandler.process(AbstractProtocol.java:800) [tomcat-embed-core-8.5.32.jar!/:8.5.32]
	at org.apache.tomcat.util.net.NioEndpoint$SocketProcessor.doRun(NioEndpoint.java:1471) [tomcat-embed-core-8.5.32.jar!/:8.5.32]
	at org.apache.tomcat.util.net.SocketProcessorBase.run(SocketProcessorBase.java:49) [tomcat-embed-core-8.5.32.jar!/:8.5.32]
	at java.base/java.util.concurrent.ThreadPoolExecutor.runWorker(Unknown Source) [na:na]
	at java.base/java.util.concurrent.ThreadPoolExecutor$Worker.run(Unknown Source) [na:na]
	at org.apache.tomcat.util.threads.TaskThread$WrappingRunnable.run(TaskThread.java:61) [tomcat-embed-core-8.5.32.jar!/:8.5.32]
	at java.base/java.lang.Thread.run(Unknown Source) [na:na]

2018-09-30 11:12:53.378  INFO 12984 --- [Thread-12] c.n.l.PollingServerListUpdater           : Shutting down the Executor Pool for PollingServerListUpdater
2018-09-30 11:12:53.379  INFO 12984 --- [Thread-8] ConfigServletWebServerApplicationContext : Closing org.springframework.boot.web.servlet.context.AnnotationConfigServletWebServerApplicationContext@5efa40fe: startup date [Sun Sep 30 11:08:33 CEST 2018]; parent: org.springframework.context.annotation.AnnotationConfigApplicationContext@6302bbb1
2018-09-30 11:12:53.382  INFO 12984 --- [Thread-8] o.s.c.n.e.s.EurekaServiceRegistry        : Unregistering application unknown with eureka with status DOWN
2018-09-30 11:12:53.395  INFO 12984 --- [Thread-8] o.s.c.support.DefaultLifecycleProcessor  : Stopping beans in phase 0
2018-09-30 11:12:53.399  INFO 12984 --- [Thread-8] o.s.c.n.zuul.ZuulFilterInitializer       : Stopping filter initializer
2018-09-30 11:12:53.401  INFO 12984 --- [Thread-8] s.c.a.AnnotationConfigApplicationContext : Closing SpringClientFactory-feignshop: startup date [Sun Sep 30 11:09:57 CEST 2018]; parent: org.springframework.boot.web.servlet.context.AnnotationConfigServletWebServerApplicationContext@5efa40fe
2018-09-30 11:12:53.458  INFO 12984 --- [Thread-8] c.n.u.concurrent.ShutdownEnabledTimer    : Shutdown hook removed for: NFLoadBalancer-PingTimer-feignshop
2018-09-30 11:12:53.459  INFO 12984 --- [Thread-8] c.n.u.concurrent.ShutdownEnabledTimer    : Exception caught (might be ok if at shutdown)

java.lang.IllegalStateException: Shutdown in progress
	at java.base/java.lang.ApplicationShutdownHooks.remove(Unknown Source) ~[na:na]
	at java.base/java.lang.Runtime.removeShutdownHook(Unknown Source) ~[na:na]
	at com.netflix.util.concurrent.ShutdownEnabledTimer.cancel(ShutdownEnabledTimer.java:70) ~[netflix-commons-util-0.3.0.jar!/:0.3.0]
	at com.netflix.loadbalancer.BaseLoadBalancer.cancelPingTask(BaseLoadBalancer.java:613) [ribbon-loadbalancer-2.2.5.jar!/:2.2.5]
	at com.netflix.loadbalancer.BaseLoadBalancer.shutdown(BaseLoadBalancer.java:864) [ribbon-loadbalancer-2.2.5.jar!/:2.2.5]
	at com.netflix.loadbalancer.DynamicServerListLoadBalancer.shutdown(DynamicServerListLoadBalancer.java:285) [ribbon-loadbalancer-2.2.5.jar!/:2.2.5]
	at java.base/jdk.internal.reflect.NativeMethodAccessorImpl.invoke0(Native Method) ~[na:na]
	at java.base/jdk.internal.reflect.NativeMethodAccessorImpl.invoke(Unknown Source) ~[na:na]
	at java.base/jdk.internal.reflect.DelegatingMethodAccessorImpl.invoke(Unknown Source) ~[na:na]
	at java.base/java.lang.reflect.Method.invoke(Unknown Source) ~[na:na]
	at org.springframework.beans.factory.support.DisposableBeanAdapter.invokeCustomDestroyMethod(DisposableBeanAdapter.java:337) [spring-beans-5.0.8.RELEASE.jar!/:5.0.8.RELEASE]
	at org.springframework.beans.factory.support.DisposableBeanAdapter.destroy(DisposableBeanAdapter.java:271) [spring-beans-5.0.8.RELEASE.jar!/:5.0.8.RELEASE]
	at org.springframework.beans.factory.support.DefaultSingletonBeanRegistry.destroyBean(DefaultSingletonBeanRegistry.java:571) [spring-beans-5.0.8.RELEASE.jar!/:5.0.8.RELEASE]
	at org.springframework.beans.factory.support.DefaultSingletonBeanRegistry.destroySingleton(DefaultSingletonBeanRegistry.java:543) [spring-beans-5.0.8.RELEASE.jar!/:5.0.8.RELEASE]
	at org.springframework.beans.factory.support.DefaultListableBeanFactory.destroySingleton(DefaultListableBeanFactory.java:954) [spring-beans-5.0.8.RELEASE.jar!/:5.0.8.RELEASE]
	at org.springframework.beans.factory.support.DefaultSingletonBeanRegistry.destroySingletons(DefaultSingletonBeanRegistry.java:504) [spring-beans-5.0.8.RELEASE.jar!/:5.0.8.RELEASE]
	at org.springframework.beans.factory.support.DefaultListableBeanFactory.destroySingletons(DefaultListableBeanFactory.java:961) [spring-beans-5.0.8.RELEASE.jar!/:5.0.8.RELEASE]
	at org.springframework.context.support.AbstractApplicationContext.destroyBeans(AbstractApplicationContext.java:1041) [spring-context-5.0.8.RELEASE.jar!/:5.0.8.RELEASE]
	at org.springframework.context.support.AbstractApplicationContext.doClose(AbstractApplicationContext.java:1017) [spring-context-5.0.8.RELEASE.jar!/:5.0.8.RELEASE]
	at org.springframework.context.support.AbstractApplicationContext.close(AbstractApplicationContext.java:967) [spring-context-5.0.8.RELEASE.jar!/:5.0.8.RELEASE]
	at org.springframework.cloud.context.named.NamedContextFactory.destroy(NamedContextFactory.java:76) [spring-cloud-context-2.0.1.RELEASE.jar!/:2.0.1.RELEASE]
	at org.springframework.beans.factory.support.DisposableBeanAdapter.destroy(DisposableBeanAdapter.java:256) [spring-beans-5.0.8.RELEASE.jar!/:5.0.8.RELEASE]
	at org.springframework.beans.factory.support.DefaultSingletonBeanRegistry.destroyBean(DefaultSingletonBeanRegistry.java:571) [spring-beans-5.0.8.RELEASE.jar!/:5.0.8.RELEASE]
	at org.springframework.beans.factory.support.DefaultSingletonBeanRegistry.destroySingleton(DefaultSingletonBeanRegistry.java:543) [spring-beans-5.0.8.RELEASE.jar!/:5.0.8.RELEASE]
	at org.springframework.beans.factory.support.DefaultListableBeanFactory.destroySingleton(DefaultListableBeanFactory.java:954) [spring-beans-5.0.8.RELEASE.jar!/:5.0.8.RELEASE]
	at org.springframework.beans.factory.support.DefaultSingletonBeanRegistry.destroySingletons(DefaultSingletonBeanRegistry.java:504) [spring-beans-5.0.8.RELEASE.jar!/:5.0.8.RELEASE]
	at org.springframework.beans.factory.support.DefaultListableBeanFactory.destroySingletons(DefaultListableBeanFactory.java:961) [spring-beans-5.0.8.RELEASE.jar!/:5.0.8.RELEASE]
	at org.springframework.context.support.AbstractApplicationContext.destroyBeans(AbstractApplicationContext.java:1041) [spring-context-5.0.8.RELEASE.jar!/:5.0.8.RELEASE]
	at org.springframework.context.support.AbstractApplicationContext.doClose(AbstractApplicationContext.java:1017) [spring-context-5.0.8.RELEASE.jar!/:5.0.8.RELEASE]
	at org.springframework.context.support.AbstractApplicationContext$1.run(AbstractApplicationContext.java:937) [spring-context-5.0.8.RELEASE.jar!/:5.0.8.RELEASE]

2018-09-30 11:12:53.464  INFO 12984 --- [Thread-8] o.s.j.e.a.AnnotationMBeanExporter        : Unregistering JMX-exposed beans on shutdown
2018-09-30 11:12:53.465  INFO 12984 --- [Thread-8] o.s.j.e.a.AnnotationMBeanExporter        : Unregistering JMX-exposed beans
2018-09-30 11:12:53.480  INFO 12984 --- [Thread-8] com.netflix.discovery.DiscoveryClient    : Shutting down DiscoveryClient ...
2018-09-30 11:12:53.492  INFO 12984 --- [Thread-8] com.netflix.discovery.DiscoveryClient    : Completed shut down of DiscoveryClient
